#
# There is insufficient memory for the Java Runtime Environment to continue.
# Native memory allocation (mmap) failed to map 532676608 bytes. Error detail: G1 virtual space
# Possible reasons:
#   The system is out of physical RAM or swap space
#   This process is running with CompressedOops enabled, and the Java Heap may be blocking the growth of the native heap
# Possible solutions:
#   Reduce memory load on the system
#   Increase physical memory or swap space
#   Check if swap backing store is full
#   Decrease Java heap size (-Xmx/-Xms)
#   Decrease number of Java threads
#   Decrease Java thread stack sizes (-Xss)
#   Set larger code cache with -XX:ReservedCodeCacheSize=
#   JVM is running with Zero Based Compressed Oops mode in which the Java heap is
#     placed in the first 32GB address space. The Java Heap base address is the
#     maximum limit for the native heap growth. Please use -XX:HeapBaseMinAddress
#     to set the Java Heap base and to place the Java Heap above 32GB virtual address.
# This output file may be truncated or incomplete.
#
#  Out of Memory Error (os_windows.cpp:3825), pid=4600, tid=32520
#
# JRE version:  (17.0.12+1) (build )
# Java VM: OpenJDK 64-Bit Server VM (17.0.12+1-b1087.25, mixed mode, sharing, tiered, compressed oops, compressed class ptrs, g1 gc, windows-amd64)
# No core dump will be written. Minidumps are not enabled by default on client versions of Windows
#

---------------  S U M M A R Y ------------

Command Line: -Dfile.encoding=GBK D:\DevEco_Studio_5.0.0.11\DevEco Studio\sdk\default\openharmony\toolchains\lib\app_packing_tool.jar --mode hap --force true --lib-path E:\OpenHarmony_Project_code\errorBook2\entry\build\default\intermediates\stripped_native_libs\default --json-path E:\OpenHarmony_Project_code\errorBook2\entry\build\default\intermediates\package\default\module.json --resources-path E:\OpenHarmony_Project_code\errorBook2\entry\build\default\intermediates\res\default\resources --index-path E:\OpenHarmony_Project_code\errorBook2\entry\build\default\intermediates\res\default\resources.index --pack-info-path E:\OpenHarmony_Project_code\errorBook2\entry\build\default\outputs\default\pack.info --out-path E:\OpenHarmony_Project_code\errorBook2\entry\build\default\outputs\default\entry-default-unsigned.hap --ets-path E:\OpenHarmony_Project_code\errorBook2\entry\build\default\intermediates\loader_out\default\ets

Host: 13th Gen Intel(R) Core(TM) i7-13700H, 20 cores, 31G,  Windows 11 , 64 bit Build 22621 (10.0.22621.5262)
Time: Wed Jun  4 20:23:52 2025  Windows 11 , 64 bit Build 22621 (10.0.22621.5262) elapsed time: 0.007068 seconds (0d 0h 0m 0s)

---------------  T H R E A D  ---------------

Current thread (0x000001e084832db0):  JavaThread "Unknown thread" [_thread_in_vm, id=32520, stack(0x0000003b72800000,0x0000003b72900000)]

Stack: [0x0000003b72800000,0x0000003b72900000]
Native frames: (J=compiled Java code, j=interpreted, Vv=VM code, C=native code)
V  [jvm.dll+0x688dd9]
V  [jvm.dll+0x842eaa]
V  [jvm.dll+0x844aee]
V  [jvm.dll+0x845153]
V  [jvm.dll+0x24ba3f]
V  [jvm.dll+0x685ba9]
V  [jvm.dll+0x67a45a]
V  [jvm.dll+0x30c60b]
V  [jvm.dll+0x313ab6]
V  [jvm.dll+0x363c6e]
V  [jvm.dll+0x363e9f]
V  [jvm.dll+0x2e2658]
V  [jvm.dll+0x2e3594]
V  [jvm.dll+0x813b31]
V  [jvm.dll+0x3719c1]
V  [jvm.dll+0x7f2626]
V  [jvm.dll+0x3f563f]
V  [jvm.dll+0x3f7191]
C  [jli.dll+0x528f]
C  [ucrtbase.dll+0x29333]
C  [KERNEL32.DLL+0x1259d]
C  [ntdll.dll+0x5af58]


---------------  P R O C E S S  ---------------

Threads class SMR info:
_java_thread_list=0x00007ffb0f240f58, length=0, elements={
}

Java Threads: ( => current thread )

Other Threads:
  0x000001e0aa830900 GCTaskThread "GC Thread#0" [stack: 0x0000003b72900000,0x0000003b72a00000] [id=45900]
  0x000001e0aa841370 ConcurrentGCThread "G1 Main Marker" [stack: 0x0000003b72a00000,0x0000003b72b00000] [id=18832]
  0x000001e0aa841d90 ConcurrentGCThread "G1 Conc#0" [stack: 0x0000003b72b00000,0x0000003b72c00000] [id=28676]

[error occurred during error reporting (printing all threads), id 0xc0000005, EXCEPTION_ACCESS_VIOLATION (0xc0000005) at pc=0x00007ffb0e9f31c7]

VM state: not at safepoint (not fully initialized)

VM Mutex/Monitor currently owned by a thread:  ([mutex/lock_event])
[0x000001e08482f270] Heap_lock - owner thread: 0x000001e084832db0

Heap address: 0x0000000605c00000, size: 8100 MB, Compressed Oops mode: Zero based, Oop shift amount: 3

CDS archive(s) mapped at: [0x0000000000000000-0x0000000000000000-0x0000000000000000), size 0, SharedBaseAddress: 0x0000000800000000, ArchiveRelocationMode: 1.
Narrow klass base: 0x0000000000000000, Narrow klass shift: 0, Narrow klass range: 0x0

GC Precious Log:
<Empty>

Heap:
 garbage-first heap   total 0K, used 0K [0x0000000605c00000, 0x0000000800000000)
  region size 4096K, 0 young (0K), 0 survivors (0K)
 Metaspace       used 0K, committed 0K, reserved 0K
  class space    used 0K, committed 0K, reserved 0K

Heap Regions: E=young(eden), S=young(survivor), O=old, HS=humongous(starts), HC=humongous(continues), CS=collection set, F=free, OA=open archive, CA=closed archive, TAMS=top-at-mark-start (previous, next)

Card table byte_map: [0x000001e098a40000,0x000001e099a20000] _byte_map_base: 0x000001e095a12000

Marking Bits (Prev, Next): (CMBitMap*) 0x000001e0aa830d30, (CMBitMap*) 0x000001e0aa830d70
 Prev Bits: [0x000001e09aa00000, 0x000001e0a2890000)
 Next Bits: [0x000001e0a2890000, 0x000001e0aa720000)

GC Heap History (0 events):
No events

Dll operation events (1 events):
Event: 0.004 Loaded shared library D:\DevEco_Studio_5.0.0.11\DevEco Studio\jbr\bin\java.dll

Deoptimization events (0 events):
No events

Classes unloaded (0 events):
No events

Classes redefined (0 events):
No events

Internal exceptions (0 events):
No events

VM Operations (0 events):
No events

Events (0 events):
No events


Dynamic libraries:
0x00007ff722af0000 - 0x00007ff722afa000 	D:\DevEco_Studio_5.0.0.11\DevEco Studio\jbr\bin\java.exe
0x00007ffb99bd0000 - 0x00007ffb99de7000 	C:\WINDOWS\SYSTEM32\ntdll.dll
0x00007ffb97c70000 - 0x00007ffb97d34000 	C:\WINDOWS\System32\KERNEL32.DLL
0x00007ffb96de0000 - 0x00007ffb971b3000 	C:\WINDOWS\System32\KERNELBASE.dll
0x00007ffb976c0000 - 0x00007ffb977d1000 	C:\WINDOWS\System32\ucrtbase.dll
0x00007ffb84680000 - 0x00007ffb84697000 	D:\DevEco_Studio_5.0.0.11\DevEco Studio\jbr\bin\jli.dll
0x00007ffb66350000 - 0x00007ffb6636b000 	D:\DevEco_Studio_5.0.0.11\DevEco Studio\jbr\bin\VCRUNTIME140.dll
0x00007ffb97950000 - 0x00007ffb97b01000 	C:\WINDOWS\System32\USER32.dll
0x00007ffb97330000 - 0x00007ffb97356000 	C:\WINDOWS\System32\win32u.dll
0x00007ffb841c0000 - 0x00007ffb8445b000 	C:\WINDOWS\WinSxS\amd64_microsoft.windows.common-controls_6595b64144ccf1df_6.0.22621.5262_none_2712bde373830908\COMCTL32.dll
0x00007ffb97b40000 - 0x00007ffb97b69000 	C:\WINDOWS\System32\GDI32.dll
0x00007ffb97df0000 - 0x00007ffb97e97000 	C:\WINDOWS\System32\msvcrt.dll
0x00007ffb97590000 - 0x00007ffb976b2000 	C:\WINDOWS\System32\gdi32full.dll
0x00007ffb96cc0000 - 0x00007ffb96d5a000 	C:\WINDOWS\System32\msvcp_win.dll
0x00007ffb97f00000 - 0x00007ffb97f31000 	C:\WINDOWS\System32\IMM32.DLL
0x00007ffb90cd0000 - 0x00007ffb90cdc000 	D:\DevEco_Studio_5.0.0.11\DevEco Studio\jbr\bin\vcruntime140_1.dll
0x00007ffb53fa0000 - 0x00007ffb5402d000 	D:\DevEco_Studio_5.0.0.11\DevEco Studio\jbr\bin\msvcp140.dll
0x00007ffb0e700000 - 0x00007ffb0f385000 	D:\DevEco_Studio_5.0.0.11\DevEco Studio\jbr\bin\server\jvm.dll
0x00007ffb98030000 - 0x00007ffb980e1000 	C:\WINDOWS\System32\ADVAPI32.dll
0x00007ffb99ae0000 - 0x00007ffb99b87000 	C:\WINDOWS\System32\sechost.dll
0x00007ffb97420000 - 0x00007ffb97448000 	C:\WINDOWS\System32\bcrypt.dll
0x00007ffb980f0000 - 0x00007ffb98204000 	C:\WINDOWS\System32\RPCRT4.dll
0x00007ffb95b50000 - 0x00007ffb95b9d000 	C:\WINDOWS\SYSTEM32\POWRPROF.dll
0x00007ffb761c0000 - 0x00007ffb761c9000 	C:\WINDOWS\SYSTEM32\WSOCK32.dll
0x00007ffb8d440000 - 0x00007ffb8d44a000 	C:\WINDOWS\SYSTEM32\VERSION.dll
0x00007ffb97b70000 - 0x00007ffb97be1000 	C:\WINDOWS\System32\WS2_32.dll
0x00007ffb90d90000 - 0x00007ffb90dc4000 	C:\WINDOWS\SYSTEM32\WINMM.dll
0x00007ffb95b30000 - 0x00007ffb95b43000 	C:\WINDOWS\SYSTEM32\UMPDC.dll
0x00007ffb95df0000 - 0x00007ffb95e08000 	C:\WINDOWS\SYSTEM32\kernel.appcore.dll
0x00007ffb8e9d0000 - 0x00007ffb8e9da000 	D:\DevEco_Studio_5.0.0.11\DevEco Studio\jbr\bin\jimage.dll
0x00007ffb940c0000 - 0x00007ffb942f2000 	C:\WINDOWS\SYSTEM32\DBGHELP.DLL
0x00007ffb98a50000 - 0x00007ffb98de3000 	C:\WINDOWS\System32\combase.dll
0x00007ffb983c0000 - 0x00007ffb98497000 	C:\WINDOWS\System32\OLEAUT32.dll
0x00007ffb81f90000 - 0x00007ffb81fc2000 	C:\WINDOWS\SYSTEM32\dbgcore.DLL
0x00007ffb977e0000 - 0x00007ffb9785b000 	C:\WINDOWS\System32\bcryptPrimitives.dll
0x00007ffb85c70000 - 0x00007ffb85c95000 	D:\DevEco_Studio_5.0.0.11\DevEco Studio\jbr\bin\java.dll

dbghelp: loaded successfully - version: 4.0.5 - missing functions: none
symbol engine: initialized successfully - sym options: 0x614 - pdb path: .;D:\DevEco_Studio_5.0.0.11\DevEco Studio\jbr\bin;C:\WINDOWS\SYSTEM32;C:\WINDOWS\WinSxS\amd64_microsoft.windows.common-controls_6595b64144ccf1df_6.0.22621.5262_none_2712bde373830908;D:\DevEco_Studio_5.0.0.11\DevEco Studio\jbr\bin\server

VM Arguments:
jvm_args: -Dfile.encoding=GBK 
java_command: D:\DevEco_Studio_5.0.0.11\DevEco Studio\sdk\default\openharmony\toolchains\lib\app_packing_tool.jar --mode hap --force true --lib-path E:\OpenHarmony_Project_code\errorBook2\entry\build\default\intermediates\stripped_native_libs\default --json-path E:\OpenHarmony_Project_code\errorBook2\entry\build\default\intermediates\package\default\module.json --resources-path E:\OpenHarmony_Project_code\errorBook2\entry\build\default\intermediates\res\default\resources --index-path E:\OpenHarmony_Project_code\errorBook2\entry\build\default\intermediates\res\default\resources.index --pack-info-path E:\OpenHarmony_Project_code\errorBook2\entry\build\default\outputs\default\pack.info --out-path E:\OpenHarmony_Project_code\errorBook2\entry\build\default\outputs\default\entry-default-unsigned.hap --ets-path E:\OpenHarmony_Project_code\errorBook2\entry\build\default\intermediates\loader_out\default\ets
java_class_path (initial): D:\DevEco_Studio_5.0.0.11\DevEco Studio\sdk\default\openharmony\toolchains\lib\app_packing_tool.jar
Launcher Type: SUN_STANDARD

[Global flags]
     intx CICompilerCount                          = 12                                        {product} {ergonomic}
     uint ConcGCThreads                            = 4                                         {product} {ergonomic}
     uint G1ConcRefinementThreads                  = 15                                        {product} {ergonomic}
   size_t G1HeapRegionSize                         = 4194304                                   {product} {ergonomic}
    uintx GCDrainStackTargetSize                   = 64                                        {product} {ergonomic}
   size_t InitialHeapSize                          = 532676608                                 {product} {ergonomic}
   size_t MarkStackSize                            = 4194304                                   {product} {ergonomic}
   size_t MaxHeapSize                              = 8493465600                                {product} {ergonomic}
   size_t MinHeapDeltaBytes                        = 4194304                                   {product} {ergonomic}
   size_t MinHeapSize                              = 8388608                                   {product} {ergonomic}
    uintx NonNMethodCodeHeapSize                   = 7602480                                {pd product} {ergonomic}
    uintx NonProfiledCodeHeapSize                  = 122027880                              {pd product} {ergonomic}
    uintx ProfiledCodeHeapSize                     = 122027880                              {pd product} {ergonomic}
    uintx ReservedCodeCacheSize                    = 251658240                              {pd product} {ergonomic}
     bool SegmentedCodeCache                       = true                                      {product} {ergonomic}
   size_t SoftMaxHeapSize                          = 8493465600                             {manageable} {ergonomic}
     bool UseCompressedClassPointers               = true                           {product lp64_product} {ergonomic}
     bool UseCompressedOops                        = true                           {product lp64_product} {ergonomic}
     bool UseG1GC                                  = true                                      {product} {ergonomic}
     bool UseLargePagesIndividualAllocation        = false                                  {pd product} {ergonomic}

Logging:
Log output configuration:
 #0: stdout all=warning uptime,level,tags
 #1: stderr all=off uptime,level,tags

Environment Variables:
JAVA_HOME=D:\DevEco_Studio_5.0.0.11\DevEco Studio\jbr
CLASSPATH=.;D:\jdk-12.0.1\lib;
PATH=D:\DevEco_Studio_5.0.0.11\DevEco Studio\tools\node;D:\DevEco_Studio_5.0.0.11\DevEco Studio\jbr\bin;C:\Program Files\NVIDIA GPU Computing Toolkit\CUDA\v11.5\bin;C:\Program Files\NVIDIA GPU Computing Toolkit\CUDA\v11.5\libnvvp;C:\Program Files\NVIDIA GPU Computing Toolkit\CUDA\v11.5\include;C:\Program Files\NVIDIA GPU Computing Toolkit\CUDA\v11.5\lib;C:\Program Files\NVIDIA GPU Computing Toolkit\CUDA\v12.6\bin;C:\Program Files\NVIDIA GPU Computing Toolkit\CUDA\v12.6\include;C:\Program Files\NVIDIA GPU Computing Toolkit\CUDA\v12.6\libnvvp;C:\Program Files\NVIDIA GPU Computing Toolkit\CUDA\v12.6\lib;D:\VMwarePlayer\bin\;C:\Program Files (x86)\Common Files\Intel\Shared Libraries\redist\intel64\compiler;D:\jdk-12.0.1\bin;D:\jdk-12.0.1\jre\bin;C:\Windows\system32;C:\Windows;C:\Windows\System32\Wbem;C:\Windows\System32\WindowsPowerShell\v1.0\;C:\Windows\System32\OpenSSH\;C:\Program Files (x86)\NVIDIA Corporation\PhysX\Common;C:\WINDOWS\system32;C:\WINDOWS;C:\WINDOWS\System32\Wbem;C:\WINDOWS\System32\WindowsPowerShell\v1.0\;C:\WINDOWS\System32\OpenSSH\;C:\Program Files\mingw64\bin;C:\Program Files\dotnet\;C:\Program Files (x86)\Windows Kits\10\Windows Performance Toolkit\;D:\Git\Git\cmd;C:\Program Files\NVIDIA Corporation\NVIDIA app\NvDLISR;E:\Graphviz\bin;C:\Program Files\NVIDIA Corporation\Nsight Compute 2021.3.1\;D:\nodejs\;C:\ProgramData\chocolatey\bin;D:\nodejs;D:\nodejs\node_global;C:\Program Files\Bandizip\;D:\MySQL Server 8.0\bin;E:\Anaconda3;E:\Anaconda3\Library\mingw-w64\bin;E:\Anaconda3\Library\usr\bin;E:\Anaconda3\Library\bin;E:\Anaconda3\Scripts;D:\python3.12.4\Scripts\;D:\python3.12.4\;C:\Users\86135\AppData\Local\Programs\Python\Python312\Scripts\;C:\Users\86135\AppData\Local\Programs\Python\Python312\;C:\Users\86135\AppData\Local\Microsoft\WindowsApps;C:\Program Files\JetBrains\PyCharm 2023.3.2\bin;;D:\Microsoft VS Code\bin;C:\Program Files\mingw64;C:\Program Files\mingw64\bin;D:\DevEco_Studio_5.0.0.11\DevEco Studio\bin;;D:\IDEA\IntelliJ IDEA Community Edit
USERNAME=86135
OS=Windows_NT
PROCESSOR_IDENTIFIER=Intel64 Family 6 Model 186 Stepping 2, GenuineIntel
TMP=C:\Users\86135\AppData\Local\Temp
TEMP=C:\Users\86135\AppData\Local\Temp



Periodic native trim disabled

JNI global refs:
JNI global refs: 0, weak refs: 0

JNI global refs memory usage: 0, weak refs: 0

OOME stack traces (most recent first):
Classloader memory used:


---------------  S Y S T E M  ---------------

OS:
 Windows 11 , 64 bit Build 22621 (10.0.22621.5262)
OS uptime: 6 days 23:30 hours
Hyper-V role detected

CPU: total 20 (initial active 20) (10 cores per cpu, 2 threads per core) family 6 model 186 stepping 2 microcode 0x4122, cx8, cmov, fxsr, ht, mmx, 3dnowpref, sse, sse2, sse3, ssse3, sse4.1, sse4.2, popcnt, lzcnt, tsc, tscinvbit, avx, avx2, aes, erms, clmul, bmi1, bmi2, adx, sha, fma, vzeroupper, clflush, clflushopt, clwb, hv
Processor Information for all 20 processors :
  Max Mhz: 2400, Current Mhz: 2400, Mhz Limit: 2400

Memory: 4k page, system-wide physical 32394M (13072M free)
TotalPageFile size 89914M (AvailPageFile size 11M)
current process WorkingSet (physical memory assigned to process): 12M, peak: 12M
current process commit charge ("private bytes"): 75M, peak: 583M

vm_info: OpenJDK 64-Bit Server VM (17.0.12+1-b1087.25) for windows-amd64 JRE (17.0.12+1-b1087.25), built on 2024-08-30 by "builduser" with MS VC++ 16.10 / 16.11 (VS2019)

END.
