[2025-05-24T17:27:35.958] [DEBUG] debug-file - session manager: set active socket. socketId=vleCrQ_2PDT8OaaYAAAH
[2025-05-24T17:27:35.974] [DEBUG] debug-file - watch worker: worker id should be larger than 0. Nothing will be sent to any worker thread.
[2025-05-24T17:27:35.996] [DEBUG] debug-file - Hvigor init with startParameters:{
  hvigorfileTypeCheck: false,
  parallelExecution: true,
  incrementalExecution: true,
  printStackTrace: false,
  daemon: true,
  analyze: 0,
  logLevel: Level { level: 20000, levelStr: 'INFO', colour: 'green' }
}
[2025-05-24T17:27:35.998] [DEBUG] debug-file - Since current hvigor version 5.16.2 differs from last hvigor version 
      undefined, delete file-cache.json and task-cache.json.
[2025-05-24T17:27:35.999] [DEBUG] debug-file - Cache service initialization finished in 2 ms 
[2025-05-24T17:27:36.010] [DEBUG] debug-file - hvigorfile, resolving E:\OpenHarmony_Project_code\errorBook\hvigorfile.ts
[2025-05-24T17:27:36.023] [DEBUG] debug-file - hvigorfile, require result:  { default: { plugins: [] } }
[2025-05-24T17:27:36.024] [DEBUG] debug-file - hvigorfile, binding system plugins null
[2025-05-24T17:27:36.036] [DEBUG] debug-file - Start initialize project's product build option map with build mode debug.
[2025-05-24T17:27:36.036] [DEBUG] debug-file - Picking option from product 'default' with build mode 'debug'.
[2025-05-24T17:27:36.036] [DEBUG] debug-file - Product 'default' build option: {}
[2025-05-24T17:27:36.037] [DEBUG] debug-file - End initialize project's product build option map with build mode 'debug'.
[2025-05-24T17:27:36.039] [DEBUG] debug-file - Product 'default' using build option: {
  "debuggable": true
} in this build.
[2025-05-24T17:27:36.054] [DEBUG] debug-file - Start recording SDK configuration permission data.
[2025-05-24T17:27:36.072] [DEBUG] debug-file - Sdk init in 25 ms 
[2025-05-24T17:27:36.086] [DEBUG] debug-file - Project task initialization takes 14 ms 
[2025-05-24T17:27:36.086] [DEBUG] debug-file - hvigorfile, binding custom plugins []
[2025-05-24T17:27:36.086] [DEBUG] debug-file - hvigorfile, no custom plugins were found in E:\OpenHarmony_Project_code\errorBook\hvigorfile.ts
[2025-05-24T17:27:36.086] [DEBUG] debug-file - hvigorfile, resolve finished E:\OpenHarmony_Project_code\errorBook\hvigorfile.ts
[2025-05-24T17:27:36.091] [DEBUG] debug-file - hvigorfile, resolving E:\OpenHarmony_Project_code\errorBook\entry\hvigorfile.ts
[2025-05-24T17:27:36.094] [DEBUG] debug-file - hvigorfile, require result:  { default: { plugins: [] } }
[2025-05-24T17:27:36.094] [DEBUG] debug-file - hvigorfile, binding system plugins null
[2025-05-24T17:27:36.099] [DEBUG] debug-file - Start initialize module-target build option map, moduleName=entry, buildMode=debug
[2025-05-24T17:27:36.099] [DEBUG] debug-file - Target 'default' config: {}
[2025-05-24T17:27:36.100] [DEBUG] debug-file - Target 'ohosTest' config: {}
[2025-05-24T17:27:36.100] [DEBUG] debug-file - Module 'entry' target 'default' build option: {
  "debuggable": true,
  "copyFrom": "default",
  "name": "debug"
}
[2025-05-24T17:27:36.100] [DEBUG] debug-file - Module 'entry' target 'ohosTest' build option: {
  "debuggable": true,
  "name": "default"
}
[2025-05-24T17:27:36.101] [DEBUG] debug-file - End initialize module-target build option map, moduleName=entry
[2025-05-24T17:27:36.101] [DEBUG] debug-file - Module 'entry' target 'default' using build option: {
  "debuggable": true,
  "copyFrom": "default",
  "name": "debug"
} in this build.
[2025-05-24T17:27:36.103] [DEBUG] debug-file - Module entry task initialization takes 1 ms 
[2025-05-24T17:27:36.103] [DEBUG] debug-file - hvigorfile, binding custom plugins []
[2025-05-24T17:27:36.103] [DEBUG] debug-file - hvigorfile, no custom plugins were found in E:\OpenHarmony_Project_code\errorBook\entry\hvigorfile.ts
[2025-05-24T17:27:36.103] [DEBUG] debug-file - hvigorfile, resolve finished E:\OpenHarmony_Project_code\errorBook\entry\hvigorfile.ts
[2025-05-24T17:27:36.122] [DEBUG] debug-file - hvigorfile, resolve hvigorfile dependencies in 18 ms 
[2025-05-24T17:27:36.122] [DEBUG] debug-file - project has submodules:entry
[2025-05-24T17:27:36.123] [DEBUG] debug-file - start to load updatedOhPackageInfo to the disk
[2025-05-24T17:27:36.126] [DEBUG] debug-file - load to the disk finished
[2025-05-24T17:27:36.127] [DEBUG] debug-file - Start to initialize dependency information.
[2025-05-24T17:27:36.129] [WARN] debug-file - The current module 'errorBook' has dependency which is not installed at its oh-package.json5.
[2025-05-24T17:27:36.129] [WARN] debug-file - The current module 'errorBook' has dependency which is not installed at its oh-package.json5.
[2025-05-24T17:27:36.129] [DEBUG] debug-file - Module errorBook Collected Dependency: 
[2025-05-24T17:27:36.129] [DEBUG] debug-file - Module errorBook's total dependency: 0
[2025-05-24T17:27:36.129] [DEBUG] debug-file - Start to initialize dependency information.
[2025-05-24T17:27:36.132] [DEBUG] debug-file - Module entry Collected Dependency: 
[2025-05-24T17:27:36.132] [DEBUG] debug-file - Module entry's total dependency: 0
[2025-05-24T17:27:36.135] [DEBUG] debug-file - Configuration phase cost:131 ms 
[2025-05-24T17:27:36.136] [DEBUG] debug-file - Configuration task cost before running: 152 ms 
[2025-05-24T17:27:36.138] [DEBUG] debug-file - Executing task :entry:clean
[2025-05-24T17:27:36.138] [DEBUG] debug-file - clean: Start terminating worker pool.
[2025-05-24T17:27:36.138] [DEBUG] debug-file - Current worker pool is stopped or closed.
[2025-05-24T17:27:36.138] [DEBUG] debug-file - Clear worker 4.
[2025-05-24T17:27:36.139] [DEBUG] debug-file - Worker 4 has been cleared.
[2025-05-24T17:27:36.139] [DEBUG] debug-file - Current idle worker size: 0.
[2025-05-24T17:27:36.139] [DEBUG] debug-file - Current busy worker size: 0.
[2025-05-24T17:27:36.143] [DEBUG] debug-file - Current worker pool is terminated.
[2025-05-24T17:27:36.143] [DEBUG] debug-file - clean: Terminating worker pool finished.
[2025-05-24T17:27:36.156] [DEBUG] debug-file - entry : clean cost memory 0.6320724487304688
[2025-05-24T17:27:36.156] [DEBUG] debug-file - runTaskFromQueue task cost before running: 172 ms 
[2025-05-24T17:27:36.156] [INFO] debug-file - Finished :entry:clean... after 19 ms 
[2025-05-24T17:27:36.157] [DEBUG] debug-file - jsonObjWithoutParam {} at undefined
[2025-05-24T17:27:36.157] [DEBUG] debug-file - jsonObjWithoutParam {"name":"entry","version":"1.0.0","description":"Please describe the basic information.","main":"","author":"","license":"","dependencies":{}} at undefined
[2025-05-24T17:27:36.160] [DEBUG] debug-file - Executing task :entry:default@PreBuild
[2025-05-24T17:27:36.164] [DEBUG] debug-file - jsonObjWithoutParam {} at undefined
[2025-05-24T17:27:36.164] [DEBUG] debug-file - jsonObjWithoutParam {"name":"entry","version":"1.0.0","description":"Please describe the basic information.","main":"","author":"","license":"","dependencies":{}} at undefined
[2025-05-24T17:27:36.341] [DEBUG] debug-file - current product is not Atomic service.
[2025-05-24T17:27:36.341] [DEBUG] debug-file - Use tool [win32: JAVA_HOME, CLASSPATH]
 [
  { JAVA_HOME: 'D:\\DevEco_Studio_5.0.0.11\\DevEco Studio\\jbr' },
  { CLASSPATH: '.;D:\\jdk-12.0.1\\lib;' }
]
[2025-05-24T17:27:36.341] [DEBUG] debug-file - Use tool [win32: NODE_HOME]
 [
  {
    NODE_HOME: 'D:\\DevEco_Studio_5.0.0.11\\DevEco Studio\\tools\\node'
  }
]
[2025-05-24T17:27:36.342] [DEBUG] debug-file - entry : default@PreBuild cost memory 14.772689819335938
[2025-05-24T17:27:36.342] [DEBUG] debug-file - runTaskFromQueue task cost before running: 358 ms 
[2025-05-24T17:27:36.344] [INFO] debug-file - Finished :entry:default@PreBuild... after 182 ms 
[2025-05-24T17:27:36.346] [DEBUG] debug-file - jsonObjWithoutParam {} at undefined
[2025-05-24T17:27:36.346] [DEBUG] debug-file - jsonObjWithoutParam {"name":"entry","version":"1.0.0","description":"Please describe the basic information.","main":"","author":"","license":"","dependencies":{}} at undefined
[2025-05-24T17:27:36.353] [DEBUG] debug-file - Executing task :entry:default@GenerateMetadata
[2025-05-24T17:27:36.354] [DEBUG] debug-file - Task 'entry:default@GenerateMetadata' cost while wrapping incremental declarations: 1 ms 
[2025-05-24T17:27:36.355] [DEBUG] debug-file - jsonObjWithoutParam {} at undefined
[2025-05-24T17:27:36.355] [DEBUG] debug-file - jsonObjWithoutParam {"name":"entry","version":"1.0.0","description":"Please describe the basic information.","main":"","author":"","license":"","dependencies":{}} at undefined
[2025-05-24T17:27:36.357] [DEBUG] debug-file - entry : default@GenerateMetadata cost memory 0.15828704833984375
[2025-05-24T17:27:36.357] [DEBUG] debug-file - runTaskFromQueue task cost before running: 373 ms 
[2025-05-24T17:27:36.357] [INFO] debug-file - Finished :entry:default@GenerateMetadata... after 4 ms 
[2025-05-24T17:27:36.359] [DEBUG] debug-file - jsonObjWithoutParam {} at undefined
[2025-05-24T17:27:36.359] [DEBUG] debug-file - jsonObjWithoutParam {"name":"entry","version":"1.0.0","description":"Please describe the basic information.","main":"","author":"","license":"","dependencies":{}} at undefined
[2025-05-24T17:27:36.359] [DEBUG] debug-file - Executing task :entry:default@ConfigureCmake
[2025-05-24T17:27:36.359] [DEBUG] debug-file - jsonObjWithoutParam {} at undefined
[2025-05-24T17:27:36.359] [DEBUG] debug-file - jsonObjWithoutParam {"name":"entry","version":"1.0.0","description":"Please describe the basic information.","main":"","author":"","license":"","dependencies":{}} at undefined
[2025-05-24T17:27:36.359] [DEBUG] debug-file - entry : default@ConfigureCmake cost memory 0.037109375
[2025-05-24T17:27:36.359] [DEBUG] debug-file - runTaskFromQueue task cost before running: 375 ms 
[2025-05-24T17:27:36.359] [INFO] debug-file - Finished :entry:default@ConfigureCmake... after 1 ms 
[2025-05-24T17:27:36.361] [DEBUG] debug-file - jsonObjWithoutParam {} at undefined
[2025-05-24T17:27:36.361] [DEBUG] debug-file - jsonObjWithoutParam {"name":"entry","version":"1.0.0","description":"Please describe the basic information.","main":"","author":"","license":"","dependencies":{}} at undefined
[2025-05-24T17:27:36.362] [DEBUG] debug-file - Executing task :entry:default@MergeProfile
[2025-05-24T17:27:36.362] [DEBUG] debug-file - jsonObjWithoutParam {} at undefined
[2025-05-24T17:27:36.362] [DEBUG] debug-file - jsonObjWithoutParam {"name":"entry","version":"1.0.0","description":"Please describe the basic information.","main":"","author":"","license":"","dependencies":{}} at undefined
[2025-05-24T17:27:36.363] [DEBUG] debug-file - Change app api release type with 'Release'
[2025-05-24T17:27:36.363] [DEBUG] debug-file - Change app compile API version with '5.0.4.150'
[2025-05-24T17:27:36.363] [DEBUG] debug-file - Change app target API version with '50004016'
[2025-05-24T17:27:36.363] [DEBUG] debug-file - Change app minimum API version with '50000012'
[2025-05-24T17:27:36.363] [DEBUG] debug-file - Use cli appEnvironment
[2025-05-24T17:27:36.366] [DEBUG] debug-file - entry : default@MergeProfile cost memory 0.45697021484375
[2025-05-24T17:27:36.367] [DEBUG] debug-file - runTaskFromQueue task cost before running: 383 ms 
[2025-05-24T17:27:36.367] [INFO] debug-file - Finished :entry:default@MergeProfile... after 5 ms 
[2025-05-24T17:27:36.369] [DEBUG] debug-file - jsonObjWithoutParam {} at undefined
[2025-05-24T17:27:36.369] [DEBUG] debug-file - jsonObjWithoutParam {"name":"entry","version":"1.0.0","description":"Please describe the basic information.","main":"","author":"","license":"","dependencies":{}} at undefined
[2025-05-24T17:27:36.370] [DEBUG] debug-file - Executing task :entry:default@CreateBuildProfile
[2025-05-24T17:27:36.371] [DEBUG] debug-file - Task 'entry:default@CreateBuildProfile' cost while wrapping incremental declarations: 1 ms 
[2025-05-24T17:27:36.371] [DEBUG] debug-file - jsonObjWithoutParam {} at undefined
[2025-05-24T17:27:36.371] [DEBUG] debug-file - jsonObjWithoutParam {"name":"entry","version":"1.0.0","description":"Please describe the basic information.","main":"","author":"","license":"","dependencies":{}} at undefined
[2025-05-24T17:27:36.373] [DEBUG] debug-file - entry : default@CreateBuildProfile cost memory 0.10633087158203125
[2025-05-24T17:27:36.373] [DEBUG] debug-file - runTaskFromQueue task cost before running: 389 ms 
[2025-05-24T17:27:36.373] [INFO] debug-file - Finished :entry:default@CreateBuildProfile... after 3 ms 
[2025-05-24T17:27:36.374] [DEBUG] debug-file - jsonObjWithoutParam {} at undefined
[2025-05-24T17:27:36.375] [DEBUG] debug-file - jsonObjWithoutParam {"name":"entry","version":"1.0.0","description":"Please describe the basic information.","main":"","author":"","license":"","dependencies":{}} at undefined
[2025-05-24T17:27:36.375] [DEBUG] debug-file - Executing task :entry:default@PreCheckSyscap
[2025-05-24T17:27:36.375] [DEBUG] debug-file - jsonObjWithoutParam {} at undefined
[2025-05-24T17:27:36.375] [DEBUG] debug-file - jsonObjWithoutParam {"name":"entry","version":"1.0.0","description":"Please describe the basic information.","main":"","author":"","license":"","dependencies":{}} at undefined
[2025-05-24T17:27:36.375] [DEBUG] debug-file - entry : default@PreCheckSyscap cost memory 0.037322998046875
[2025-05-24T17:27:36.375] [DEBUG] debug-file - runTaskFromQueue task cost before running: 391 ms 
[2025-05-24T17:27:36.375] [INFO] debug-file - Finished :entry:default@PreCheckSyscap... after 1 ms 
[2025-05-24T17:27:36.377] [DEBUG] debug-file - jsonObjWithoutParam {} at undefined
[2025-05-24T17:27:36.377] [DEBUG] debug-file - jsonObjWithoutParam {"name":"entry","version":"1.0.0","description":"Please describe the basic information.","main":"","author":"","license":"","dependencies":{}} at undefined
[2025-05-24T17:27:36.381] [DEBUG] debug-file - Executing task :entry:default@GeneratePkgContextInfo
[2025-05-24T17:27:36.381] [DEBUG] debug-file - Task 'entry:default@GeneratePkgContextInfo' cost while wrapping incremental declarations: 1 ms 
[2025-05-24T17:27:36.381] [DEBUG] debug-file - entry : default@GeneratePkgContextInfo cost memory 0.03594970703125
[2025-05-24T17:27:36.381] [DEBUG] debug-file - runTaskFromQueue task cost before running: 397 ms 
[2025-05-24T17:27:36.381] [INFO] debug-file - Finished :entry:default@GeneratePkgContextInfo... after 1 ms 
[2025-05-24T17:27:36.383] [DEBUG] debug-file - jsonObjWithoutParam {} at undefined
[2025-05-24T17:27:36.384] [DEBUG] debug-file - jsonObjWithoutParam {"name":"entry","version":"1.0.0","description":"Please describe the basic information.","main":"","author":"","license":"","dependencies":{}} at undefined
[2025-05-24T17:27:36.385] [DEBUG] debug-file - Executing task :entry:default@ProcessIntegratedHsp
[2025-05-24T17:27:36.386] [DEBUG] debug-file - jsonObjWithoutParam {} at undefined
[2025-05-24T17:27:36.386] [DEBUG] debug-file - jsonObjWithoutParam {"name":"entry","version":"1.0.0","description":"Please describe the basic information.","main":"","author":"","license":"","dependencies":{}} at undefined
[2025-05-24T17:27:36.386] [DEBUG] debug-file - entry : default@ProcessIntegratedHsp cost memory 0.07543182373046875
[2025-05-24T17:27:36.386] [DEBUG] debug-file - runTaskFromQueue task cost before running: 402 ms 
[2025-05-24T17:27:36.387] [INFO] debug-file - Finished :entry:default@ProcessIntegratedHsp... after 2 ms 
[2025-05-24T17:27:36.388] [DEBUG] debug-file - jsonObjWithoutParam {} at undefined
[2025-05-24T17:27:36.388] [DEBUG] debug-file - jsonObjWithoutParam {"name":"entry","version":"1.0.0","description":"Please describe the basic information.","main":"","author":"","license":"","dependencies":{}} at undefined
[2025-05-24T17:27:36.388] [DEBUG] debug-file - Executing task :entry:default@BuildNativeWithCmake
[2025-05-24T17:27:36.389] [DEBUG] debug-file - jsonObjWithoutParam {} at undefined
[2025-05-24T17:27:36.389] [DEBUG] debug-file - jsonObjWithoutParam {"name":"entry","version":"1.0.0","description":"Please describe the basic information.","main":"","author":"","license":"","dependencies":{}} at undefined
[2025-05-24T17:27:36.389] [DEBUG] debug-file - entry : default@BuildNativeWithCmake cost memory 0.03814697265625
[2025-05-24T17:27:36.389] [DEBUG] debug-file - runTaskFromQueue task cost before running: 405 ms 
[2025-05-24T17:27:36.389] [INFO] debug-file - Finished :entry:default@BuildNativeWithCmake... after 1 ms 
[2025-05-24T17:27:36.390] [DEBUG] debug-file - jsonObjWithoutParam {} at undefined
[2025-05-24T17:27:36.390] [DEBUG] debug-file - jsonObjWithoutParam {"name":"entry","version":"1.0.0","description":"Please describe the basic information.","main":"","author":"","license":"","dependencies":{}} at undefined
[2025-05-24T17:27:36.391] [DEBUG] debug-file - Executing task :entry:default@MakePackInfo
[2025-05-24T17:27:36.392] [DEBUG] debug-file - jsonObjWithoutParam {} at undefined
[2025-05-24T17:27:36.392] [DEBUG] debug-file - jsonObjWithoutParam {"name":"entry","version":"1.0.0","description":"Please describe the basic information.","main":"","author":"","license":"","dependencies":{}} at undefined
[2025-05-24T17:27:36.393] [DEBUG] debug-file - Module Pack Info:  {
  summary: {
    app: { bundleName: 'c***k', bundleType: 'app', version: [Object] },
    modules: [ [Object] ]
  },
  packages: [
    {
      deviceType: [Array],
      moduleType: 'entry',
      deliveryWithInstall: true,
      name: 'entry-default'
    }
  ]
}
[2025-05-24T17:27:36.394] [DEBUG] debug-file - entry : default@MakePackInfo cost memory 0.18454742431640625
[2025-05-24T17:27:36.394] [DEBUG] debug-file - runTaskFromQueue task cost before running: 410 ms 
[2025-05-24T17:27:36.394] [INFO] debug-file - Finished :entry:default@MakePackInfo... after 4 ms 
[2025-05-24T17:27:36.402] [DEBUG] debug-file - jsonObjWithoutParam {} at undefined
[2025-05-24T17:27:36.402] [DEBUG] debug-file - jsonObjWithoutParam {"name":"entry","version":"1.0.0","description":"Please describe the basic information.","main":"","author":"","license":"","dependencies":{}} at undefined
[2025-05-24T17:27:36.403] [DEBUG] debug-file - Executing task :entry:default@SyscapTransform
[2025-05-24T17:27:36.404] [DEBUG] debug-file - File: 'E:\OpenHarmony_Project_code\errorBook\entry\src\main\syscap.json' from 'sysCapJsonPath' is not exists, just ignore.
[2025-05-24T17:27:36.404] [DEBUG] debug-file - Task 'entry:default@SyscapTransform' cost while wrapping incremental declarations: 1 ms 
[2025-05-24T17:27:36.404] [DEBUG] debug-file - jsonObjWithoutParam {} at undefined
[2025-05-24T17:27:36.404] [DEBUG] debug-file - jsonObjWithoutParam {"name":"entry","version":"1.0.0","description":"Please describe the basic information.","main":"","author":"","license":"","dependencies":{}} at undefined
[2025-05-24T17:27:36.404] [DEBUG] debug-file - entry : default@SyscapTransform cost memory 0.08062744140625
[2025-05-24T17:27:36.404] [DEBUG] debug-file - runTaskFromQueue task cost before running: 420 ms 
[2025-05-24T17:27:36.404] [INFO] debug-file - Finished :entry:default@SyscapTransform... after 1 ms 
[2025-05-24T17:27:36.406] [DEBUG] debug-file - jsonObjWithoutParam {} at undefined
[2025-05-24T17:27:36.406] [DEBUG] debug-file - jsonObjWithoutParam {"name":"entry","version":"1.0.0","description":"Please describe the basic information.","main":"","author":"","license":"","dependencies":{}} at undefined
[2025-05-24T17:27:36.407] [DEBUG] debug-file - Executing task :entry:default@ProcessProfile
[2025-05-24T17:27:36.408] [DEBUG] debug-file - jsonObjWithoutParam {} at undefined
[2025-05-24T17:27:36.408] [DEBUG] debug-file - jsonObjWithoutParam {"name":"entry","version":"1.0.0","description":"Please describe the basic information.","main":"","author":"","license":"","dependencies":{}} at undefined
[2025-05-24T17:27:36.409] [DEBUG] debug-file - [
  'D:\\DevEco_Studio_5.0.0.11\\DevEco Studio\\tools\\node\\node.exe',
  'D:\\DevEco_Studio_5.0.0.11\\DevEco Studio\\sdk\\default\\openharmony\\ets\\build-tools\\ets-loader\\bin\\ark\\ts2abc.js',
  '--target-api-version',
  '12',
  '--target-api-sub-version',
  'beta1'
]
[2025-05-24T17:27:37.017] [DEBUG] debug-file - 12.0.2.0
[2025-05-24T17:27:37.020] [DEBUG] debug-file - entry : default@ProcessProfile cost memory 2.0271072387695312
[2025-05-24T17:27:37.020] [DEBUG] debug-file - runTaskFromQueue task cost before running: 1 s 36 ms 
[2025-05-24T17:27:37.020] [INFO] debug-file - Finished :entry:default@ProcessProfile... after 613 ms 
[2025-05-24T17:27:37.022] [DEBUG] debug-file - jsonObjWithoutParam {} at undefined
[2025-05-24T17:27:37.022] [DEBUG] debug-file - jsonObjWithoutParam {"name":"entry","version":"1.0.0","description":"Please describe the basic information.","main":"","author":"","license":"","dependencies":{}} at undefined
[2025-05-24T17:27:37.023] [DEBUG] debug-file - Executing task :entry:default@ProcessRouterMap
[2025-05-24T17:27:37.025] [DEBUG] debug-file - jsonObjWithoutParam {} at undefined
[2025-05-24T17:27:37.025] [DEBUG] debug-file - jsonObjWithoutParam {"name":"entry","version":"1.0.0","description":"Please describe the basic information.","main":"","author":"","license":"","dependencies":{}} at undefined
[2025-05-24T17:27:37.027] [DEBUG] debug-file - entry : default@ProcessRouterMap cost memory 0.119842529296875
[2025-05-24T17:27:37.027] [DEBUG] debug-file - runTaskFromQueue task cost before running: 1 s 43 ms 
[2025-05-24T17:27:37.028] [INFO] debug-file - Finished :entry:default@ProcessRouterMap... after 4 ms 
[2025-05-24T17:27:37.029] [DEBUG] debug-file - jsonObjWithoutParam {} at undefined
[2025-05-24T17:27:37.029] [DEBUG] debug-file - jsonObjWithoutParam {"name":"entry","version":"1.0.0","description":"Please describe the basic information.","main":"","author":"","license":"","dependencies":{}} at undefined
[2025-05-24T17:27:37.030] [DEBUG] debug-file - Executing task :entry:default@BuildNativeWithNinja
[2025-05-24T17:27:37.030] [DEBUG] debug-file - jsonObjWithoutParam {} at undefined
[2025-05-24T17:27:37.030] [DEBUG] debug-file - jsonObjWithoutParam {"name":"entry","version":"1.0.0","description":"Please describe the basic information.","main":"","author":"","license":"","dependencies":{}} at undefined
[2025-05-24T17:27:37.031] [DEBUG] debug-file - entry : default@BuildNativeWithNinja cost memory 0.0612640380859375
[2025-05-24T17:27:37.031] [DEBUG] debug-file - runTaskFromQueue task cost before running: 1 s 47 ms 
[2025-05-24T17:27:37.032] [INFO] debug-file - Finished :entry:default@BuildNativeWithNinja... after 2 ms 
[2025-05-24T17:27:37.033] [DEBUG] debug-file - jsonObjWithoutParam {} at undefined
[2025-05-24T17:27:37.033] [DEBUG] debug-file - jsonObjWithoutParam {"name":"entry","version":"1.0.0","description":"Please describe the basic information.","main":"","author":"","license":"","dependencies":{}} at undefined
[2025-05-24T17:27:37.034] [DEBUG] debug-file - restool module names: entry; moduleName=entry, taskName=default@ProcessResource
[2025-05-24T17:27:37.036] [DEBUG] debug-file - Executing task :entry:default@ProcessResource
[2025-05-24T17:27:37.037] [DEBUG] debug-file - jsonObjWithoutParam {} at undefined
[2025-05-24T17:27:37.037] [DEBUG] debug-file - jsonObjWithoutParam {"name":"entry","version":"1.0.0","description":"Please describe the basic information.","main":"","author":"","license":"","dependencies":{}} at undefined
[2025-05-24T17:27:37.038] [DEBUG] debug-file - entry : default@ProcessResource cost memory 0.17877960205078125
[2025-05-24T17:27:37.040] [DEBUG] debug-file - runTaskFromQueue task cost before running: 1 s 56 ms 
[2025-05-24T17:27:37.041] [INFO] debug-file - Finished :entry:default@ProcessResource... after 4 ms 
[2025-05-24T17:27:37.043] [DEBUG] debug-file - jsonObjWithoutParam {} at undefined
[2025-05-24T17:27:37.043] [DEBUG] debug-file - jsonObjWithoutParam {"name":"entry","version":"1.0.0","description":"Please describe the basic information.","main":"","author":"","license":"","dependencies":{}} at undefined
[2025-05-24T17:27:37.046] [DEBUG] debug-file - Executing task :entry:default@GenerateLoaderJson
[2025-05-24T17:27:37.057] [DEBUG] debug-file - entry : default@GenerateLoaderJson cost memory -6.298713684082031
[2025-05-24T17:27:37.057] [DEBUG] debug-file - runTaskFromQueue task cost before running: 1 s 73 ms 
[2025-05-24T17:27:37.060] [INFO] debug-file - Finished :entry:default@GenerateLoaderJson... after 11 ms 
[2025-05-24T17:27:37.062] [DEBUG] debug-file - jsonObjWithoutParam {} at undefined
[2025-05-24T17:27:37.062] [DEBUG] debug-file - jsonObjWithoutParam {"name":"entry","version":"1.0.0","description":"Please describe the basic information.","main":"","author":"","license":"","dependencies":{}} at undefined
[2025-05-24T17:27:37.063] [DEBUG] debug-file - Executing task :entry:default@ProcessLibs
[2025-05-24T17:27:37.065] [DEBUG] debug-file - jsonObjWithoutParam {} at undefined
[2025-05-24T17:27:37.065] [DEBUG] debug-file - jsonObjWithoutParam {"name":"entry","version":"1.0.0","description":"Please describe the basic information.","main":"","author":"","license":"","dependencies":{}} at undefined
[2025-05-24T17:27:37.067] [DEBUG] debug-file - Since there is no instance or instance is terminated, create a new worker pool.
[2025-05-24T17:27:37.068] [DEBUG] debug-file - Worker pool is initialized with config:  {
  minPoolNum: 2,
  maxPoolNum: undefined,
  maxCoreSize: undefined,
  cacheCapacity: undefined,
  cacheTtl: undefined
}
[2025-05-24T17:27:37.069] [DEBUG] debug-file - Create  resident worker with id: 0.
[2025-05-24T17:27:37.070] [DEBUG] debug-file - Create  resident worker with id: 1.
[2025-05-24T17:27:37.070] [DEBUG] debug-file - default@ProcessLibs work[3] is submitted.
[2025-05-24T17:27:37.071] [DEBUG] debug-file - default@ProcessLibs work[3] is pushed to ready queue.
[2025-05-24T17:27:37.071] [DEBUG] debug-file - A work dispatched to worker[19] failed because unable to get work from ready queue.
[2025-05-24T17:27:37.071] [DEBUG] debug-file - Create  resident worker with id: 18.
[2025-05-24T17:27:37.072] [DEBUG] debug-file - default@ProcessLibs work[3] has been dispatched to worker[18].
[2025-05-24T17:27:37.072] [DEBUG] debug-file - default@ProcessLibs work[3] is dispatched.
[2025-05-24T17:27:37.072] [DEBUG] debug-file - entry : default@ProcessLibs cost memory 0.798858642578125
[2025-05-24T17:27:37.074] [DEBUG] debug-file - jsonObjWithoutParam {} at undefined
[2025-05-24T17:27:37.074] [DEBUG] debug-file - jsonObjWithoutParam {"name":"entry","version":"1.0.0","description":"Please describe the basic information.","main":"","author":"","license":"","dependencies":{}} at undefined
[2025-05-24T17:27:37.074] [DEBUG] debug-file - restool module names: entry; moduleName=entry, taskName=default@CompileResource
[2025-05-24T17:27:37.076] [DEBUG] debug-file - Executing task :entry:default@CompileResource
[2025-05-24T17:27:37.081] [DEBUG] debug-file - worker[4] exits with exit code 1.
[2025-05-24T17:27:37.082] [DEBUG] debug-file - Use tool [D:\DevEco_Studio_5.0.0.11\DevEco Studio\sdk\default\openharmony\toolchains\restool.exe]
 [
  'D:\\DevEco_Studio_5.0.0.11\\DevEco Studio\\sdk\\default\\openharmony\\toolchains\\restool.exe',
  '-l',
  'E:\\OpenHarmony_Project_code\\errorBook\\entry\\build\\default\\intermediates\\res\\default\\resConfig.json'
]
[2025-05-24T17:27:37.084] [DEBUG] debug-file - current process  memoryUsage: {
  rss: 143503360,
  heapTotal: 133402624,
  heapUsed: 107165464,
  external: 3136438,
  arrayBuffers: 130666
} os memoryUsage :20.60173797607422
[2025-05-24T17:27:38.054] [DEBUG] debug-file - worker[18] has one work done.
[2025-05-24T17:27:38.054] [DEBUG] debug-file - default@ProcessLibs work[3] done.
[2025-05-24T17:27:38.054] [DEBUG] debug-file - A work dispatched to worker[18] failed because unable to get work from ready queue.
[2025-05-24T17:27:38.055] [INFO] debug-file - Finished :entry:default@ProcessLibs... after 11 ms 
[2025-05-24T17:27:38.056] [DEBUG] debug-file - jsonObjWithoutParam {} at undefined
[2025-05-24T17:27:38.057] [DEBUG] debug-file - jsonObjWithoutParam {"name":"entry","version":"1.0.0","description":"Please describe the basic information.","main":"","author":"","license":"","dependencies":{}} at undefined
[2025-05-24T17:27:38.059] [DEBUG] debug-file - Executing task :entry:default@DoNativeStrip
[2025-05-24T17:27:38.059] [DEBUG] debug-file - Task 'entry:default@DoNativeStrip' cost while wrapping incremental declarations: 1 ms 
[2025-05-24T17:27:38.059] [DEBUG] debug-file - jsonObjWithoutParam {} at undefined
[2025-05-24T17:27:38.059] [DEBUG] debug-file - jsonObjWithoutParam {"name":"entry","version":"1.0.0","description":"Please describe the basic information.","main":"","author":"","license":"","dependencies":{}} at undefined
[2025-05-24T17:27:38.060] [DEBUG] debug-file - default@DoNativeStrip work[4] is submitted.
[2025-05-24T17:27:38.060] [DEBUG] debug-file - default@DoNativeStrip work[4] is pushed to ready queue.
[2025-05-24T17:27:38.061] [DEBUG] debug-file - A work dispatched to worker[19] failed because unable to get work from ready queue.
[2025-05-24T17:27:38.061] [DEBUG] debug-file - default@DoNativeStrip work[4] has been dispatched to worker[18].
[2025-05-24T17:27:38.061] [DEBUG] debug-file - default@DoNativeStrip work[4] is dispatched.
[2025-05-24T17:27:38.061] [DEBUG] debug-file - entry : default@DoNativeStrip cost memory 0.205078125
[2025-05-24T17:27:38.073] [DEBUG] debug-file - worker[18] has one work done.
[2025-05-24T17:27:38.073] [DEBUG] debug-file - default@DoNativeStrip work[4] done.
[2025-05-24T17:27:38.073] [DEBUG] debug-file - A work dispatched to worker[18] failed because unable to get work from ready queue.
[2025-05-24T17:27:38.073] [INFO] debug-file - Finished :entry:default@DoNativeStrip... after 9 ms 
[2025-05-24T17:27:38.075] [DEBUG] debug-file - jsonObjWithoutParam {} at undefined
[2025-05-24T17:27:38.075] [DEBUG] debug-file - jsonObjWithoutParam {"name":"entry","version":"1.0.0","description":"Please describe the basic information.","main":"","author":"","license":"","dependencies":{}} at undefined
[2025-05-24T17:27:38.077] [DEBUG] debug-file - Executing task :entry:default@CacheNativeLibs
[2025-05-24T17:27:38.077] [DEBUG] debug-file - Task 'entry:default@CacheNativeLibs' cost while wrapping incremental declarations: 1 ms 
[2025-05-24T17:27:38.077] [DEBUG] debug-file - jsonObjWithoutParam {} at undefined
[2025-05-24T17:27:38.077] [DEBUG] debug-file - jsonObjWithoutParam {"name":"entry","version":"1.0.0","description":"Please describe the basic information.","main":"","author":"","license":"","dependencies":{}} at undefined
[2025-05-24T17:27:38.078] [DEBUG] debug-file - default@CacheNativeLibs work[5] is submitted.
[2025-05-24T17:27:38.078] [DEBUG] debug-file - default@CacheNativeLibs work[5] is pushed to ready queue.
[2025-05-24T17:27:38.079] [DEBUG] debug-file - A work dispatched to worker[19] failed because unable to get work from ready queue.
[2025-05-24T17:27:38.079] [DEBUG] debug-file - default@CacheNativeLibs work[5] has been dispatched to worker[18].
[2025-05-24T17:27:38.079] [DEBUG] debug-file - default@CacheNativeLibs work[5] is dispatched.
[2025-05-24T17:27:38.079] [DEBUG] debug-file - entry : default@CacheNativeLibs cost memory 0.18807220458984375
[2025-05-24T17:27:38.553] [DEBUG] debug-file - 05-24 17:27:38.553  2552 21232 E C01400/ImageTranscoderUtils: DecodeToRGBA IN
05-24 17:27:38.553  2552 21232 E C01400/ImageTranscoderUtils: ImageFilter IN E:\OpenHarmony_Project_code\errorBook\AppScope\resources\base\media\app_icon.png

[2025-05-24T17:27:38.553] [DEBUG] debug-file - 05-24 17:27:38.553  2552 21232 E C01400/ImageTranscoder: TranscodeSLR Only zoom-out is supported.
Warning: ScaleImage failed, error message: INVALID_PARAMETERS, file path = E:\OpenHarmony_Project_code\errorBook\AppScope\resources\base\media\app_icon.png

[2025-05-24T17:27:38.554] [DEBUG] debug-file - 05-24 17:27:38.554  2552 21232 E C01400/ImageTranscoderUtils: DecodeToRGBA IN

[2025-05-24T17:27:38.554] [DEBUG] debug-file - 05-24 17:27:38.554  2552 21232 E C01400/ImageTranscoderUtils: ImageFilter IN E:\OpenHarmony_Project_code\errorBook\entry\src\main\resources\base\media\background.png

[2025-05-24T17:27:38.584] [DEBUG] debug-file - 05-24 17:27:38.584  2552 21232 E C01400/ImageTranscoderUtils: DecodeToRGBA IN
05-24 17:27:38.584  2552 21232 E C01400/ImageTranscoderUtils: ImageFilter IN E:\OpenHarmony_Project_code\errorBook\entry\src\main\resources\base\media\foreground.png

[2025-05-24T17:27:38.610] [DEBUG] debug-file - Info: can't scale media json file.

[2025-05-24T17:27:38.610] [DEBUG] debug-file - Warning: E:\OpenHarmony_Project_code\errorBook\entry\src\main\resources\base\media\layered_image.json is not png format

[2025-05-24T17:27:38.611] [DEBUG] debug-file - Info: restool resources compile success.

[2025-05-24T17:27:38.678] [DEBUG] debug-file - astcenc customized so is not be opened when dlclose!

[2025-05-24T17:27:38.682] [DEBUG] debug-file - entry : default@CompileResource cost memory 2.0000839233398438
[2025-05-24T17:27:38.682] [DEBUG] debug-file - runTaskFromQueue task cost before running: 2 s 698 ms 
[2025-05-24T17:27:38.683] [INFO] debug-file - Finished :entry:default@CompileResource... after 1 s 606 ms 
[2025-05-24T17:27:38.684] [DEBUG] debug-file - jsonObjWithoutParam {} at undefined
[2025-05-24T17:27:38.684] [DEBUG] debug-file - jsonObjWithoutParam {"name":"entry","version":"1.0.0","description":"Please describe the basic information.","main":"","author":"","license":"","dependencies":{}} at undefined
[2025-05-24T17:27:38.687] [DEBUG] debug-file - Executing task :entry:default@CompileArkTS
[2025-05-24T17:27:38.702] [DEBUG] debug-file - build config:
[2025-05-24T17:27:38.702] [DEBUG] debug-file - {
  moduleType: 'entry',
  perf: 0,
  targetName: '.default',
  packageManagerType: 'ohpm',
  localPropertiesPath: 'E:\\OpenHarmony_Project_code\\errorBook\\local.properties',
  isPreview: false,
  isOhosTest: false,
  isLocalTest: false,
  buildMode: 'Debug',
  watchMode: 'false',
  aceProfilePath: 'E:\\OpenHarmony_Project_code\\errorBook\\entry\\build\\default\\intermediates\\res\\default\\resources\\base\\profile',
  etsLoaderPath: 'D:\\DevEco_Studio_5.0.0.11\\DevEco Studio\\sdk\\default\\openharmony\\ets\\build-tools\\ets-loader',
  modulePath: 'E:\\OpenHarmony_Project_code\\errorBook\\entry',
  testFrameworkPar: {
    testMode: undefined,
    coveragePathFilter: undefined,
    coverageMode: undefined
  },
  needCoverageInsert: false,
  debugLine: false,
  projectTopDir: 'E:\\OpenHarmony_Project_code\\errorBook',
  compileSdkVersion: 16,
  compatibleSdkVersion: 12,
  compatibleSdkVersionStage: 'beta1',
  bundleName: 'c***k',
  etsLoaderVersion: '5.0.4.150',
  etsLoaderReleaseType: 'Release',
  aotCompileMode: 'type',
  apPath: 'E:\\OpenHarmony_Project_code\\errorBook\\entry\\modules.ap',
  entryModuleName: 'entry',
  entryModuleVersion: '1.0.0',
  entryPackageName: 'entry',
  allModuleNameHash: 'ed52d5cbbdb149f4d5d85fd1a86ac13b',
  externalApiPaths: [
    'D:\\DevEco_Studio_5.0.0.11\\DevEco Studio\\sdk\\default\\hms\\ets'
  ],
  compilerTypes: undefined,
  isCrossplatform: false,
  hvigorPluginFile: undefined,
  compilePluginPath: undefined,
  buildGeneratedProfilePath: 'E:\\OpenHarmony_Project_code\\errorBook\\entry\\build\\default\\generated\\profile\\default',
  bundleType: 'app',
  arkTSVersion: undefined,
  apiVersion: 16,
  needCompleteSourcesMap: false,
  isFaMode: false,
  strictMode: undefined,
  buildDir: 'E:\\OpenHarmony_Project_code\\errorBook\\entry\\build',
  deviceTypes: [ 'phone' ],
  useNormalizedOHMUrl: false,
  pkgContextInfo: undefined,
  ohPackagePathMap: {},
  dependencyAliasMap: {},
  permission: { requestPermissions: [ [Object] ], definePermissions: undefined },
  integratedHsp: false,
  projectArkOption: undefined,
  sourceMapDir: undefined,
  branchElimination: false,
  transformLib: undefined,
  caseSensitiveCheck: false,
  tsImportSendable: false,
  resolveConflictMode: true,
  depName2RootPath: {},
  depName2DepInfo: {},
  rootPathSet: [ 'E:\\OpenHarmony_Project_code\\errorBook' ],
  useNativeResolver: true,
  shouldEmitJs: true,
  autoLazyImport: undefined,
  allowEmptyBundleName: false,
  singleFileEmit: false,
  aceModuleJsonPath: 'E:\\OpenHarmony_Project_code\\errorBook\\entry\\build\\default\\intermediates\\res\\default\\ark_module.json',
  appResource: 'E:\\OpenHarmony_Project_code\\errorBook\\entry\\build\\default\\intermediates\\res\\default\\ResourceTable.txt',
  rawFileResource: 'E:\\OpenHarmony_Project_code\\errorBook\\entry\\build\\default\\intermediates\\res\\default\\resources\\rawfile',
  resourceTableHash: 'cc58c942571bde2a31775f154df4fb4c',
  runtimeOS: 'HarmonyOS',
  sdkInfo: 'false:16:5.0.4.150:Release',
  aceModuleRoot: 'E:\\OpenHarmony_Project_code\\errorBook\\entry\\src\\main\\ets',
  compileMode: 'esmodule',
  aceSuperVisualPath: 'E:\\OpenHarmony_Project_code\\errorBook\\entry\\src\\main\\supervisual',
  aceBuildJson: 'E:\\OpenHarmony_Project_code\\errorBook\\entry\\build\\default\\intermediates\\loader\\default\\loader.json',
  cachePath: 'E:\\OpenHarmony_Project_code\\errorBook\\entry\\build\\default\\cache\\default\\default@CompileArkTS\\esmodule\\debug',
  aceModuleBuild: 'E:\\OpenHarmony_Project_code\\errorBook\\entry\\build\\default\\intermediates\\loader_out\\default\\ets',
  supportChunks: true,
  declaredFilesPath: undefined,
  pkgNameToPkgBriefInfo: {
    entry: {
      pkgRoot: 'E:\\OpenHarmony_Project_code\\errorBook\\entry',
      originalSourceRoots: undefined,
      sourceRoots: [Array],
      pkgName: 'entry'
    }
  },
  projectModel: {
    'E:\\OpenHarmony_Project_code\\errorBook\\entry\\src\\main': {
      moduleName: 'entry',
      modulePkgPath: 'E:\\OpenHarmony_Project_code\\errorBook\\entry',
      belongProjectPath: 'E:\\OpenHarmony_Project_code\\errorBook'
    },
    'E:\\OpenHarmony_Project_code\\errorBook\\entry\\build\\default\\intermediates\\src\\ohosTest\\ets': {
      moduleName: 'entry_test',
      modulePkgPath: 'E:\\OpenHarmony_Project_code\\errorBook\\entry',
      belongProjectPath: 'E:\\OpenHarmony_Project_code\\errorBook'
    },
    'E:\\OpenHarmony_Project_code\\errorBook\\entry\\src\\ohosTest': {
      moduleName: 'entry_test',
      modulePkgPath: 'E:\\OpenHarmony_Project_code\\errorBook\\entry',
      belongProjectPath: 'E:\\OpenHarmony_Project_code\\errorBook'
    },
    'E:\\OpenHarmony_Project_code\\errorBook\\entry': {
      moduleName: 'entry',
      modulePkgPath: 'E:\\OpenHarmony_Project_code\\errorBook\\entry',
      belongProjectPath: 'E:\\OpenHarmony_Project_code\\errorBook'
    },
    'E:\\OpenHarmony_Project_code\\errorBook': {
      moduleName: 'errorBook',
      modulePkgPath: 'E:\\OpenHarmony_Project_code\\errorBook',
      belongProjectPath: 'E:\\OpenHarmony_Project_code\\errorBook'
    }
  },
  pkgJsonFileHash: 'f02590f2b9f82da4024539cdb0b874f7',
  allModulePaths: [ 'E:\\OpenHarmony_Project_code\\errorBook\\entry' ],
  routerMap: {},
  obfuscationOptions: undefined,
  compileBlockPkg: [],
  mockParams: {
    decorator: '@MockSetup',
    packageName: '@ohos/hamock',
    etsSourceRootPath: 'src/main/ets',
    mockConfigPath: 'E:\\OpenHarmony_Project_code\\errorBook\\entry\\src\\mock\\mock-config.json5',
    mockConfigKey2ModuleInfo: {}
  },
  copyCodeResourceEnable: true,
  copyCodeResourceExcludes: [],
  otherPaths: {
    'entry/*': [
      '..\\*',
      '..\\..\\..\\build\\default\\generated\\profile\\default\\*'
    ]
  },
  collectImportersConfig: undefined
}
[2025-05-24T17:27:38.702] [DEBUG] debug-file - Compile arkts with external api path: D:\DevEco_Studio_5.0.0.11\DevEco Studio\sdk\default\hms\ets
[2025-05-24T17:27:38.703] [DEBUG] debug-file - default@CompileArkTS work[6] is submitted.
[2025-05-24T17:27:38.703] [DEBUG] debug-file - default@CompileArkTS work[6] is pushed to ready queue.
[2025-05-24T17:27:38.703] [DEBUG] debug-file - A work dispatched to worker[19] failed because unable to get work from ready queue.
[2025-05-24T17:27:38.703] [DEBUG] debug-file - A work dispatched to worker[18] failed because of worker busy.
[2025-05-24T17:27:38.704] [DEBUG] debug-file - A work dispatched to worker[17] failed because unable to get work from ready queue.
[2025-05-24T17:27:38.704] [DEBUG] debug-file - A work dispatched to worker[16] failed because unable to get work from ready queue.
[2025-05-24T17:27:38.704] [DEBUG] debug-file - A work dispatched to worker[15] failed because unable to get work from ready queue.
[2025-05-24T17:27:38.704] [DEBUG] debug-file - A work dispatched to worker[14] failed because unable to get work from ready queue.
[2025-05-24T17:27:38.704] [DEBUG] debug-file - A work dispatched to worker[13] failed because unable to get work from ready queue.
[2025-05-24T17:27:38.704] [DEBUG] debug-file - A work dispatched to worker[12] failed because unable to get work from ready queue.
[2025-05-24T17:27:38.704] [DEBUG] debug-file - A work dispatched to worker[11] failed because unable to get work from ready queue.
[2025-05-24T17:27:38.704] [DEBUG] debug-file - A work dispatched to worker[10] failed because unable to get work from ready queue.
[2025-05-24T17:27:38.704] [DEBUG] debug-file - A work dispatched to worker[9] failed because unable to get work from ready queue.
[2025-05-24T17:27:38.704] [DEBUG] debug-file - A work dispatched to worker[8] failed because unable to get work from ready queue.
[2025-05-24T17:27:38.704] [DEBUG] debug-file - A work dispatched to worker[7] failed because unable to get work from ready queue.
[2025-05-24T17:27:38.704] [DEBUG] debug-file - A work dispatched to worker[6] failed because unable to get work from ready queue.
[2025-05-24T17:27:38.704] [DEBUG] debug-file - A work dispatched to worker[5] failed because unable to get work from ready queue.
[2025-05-24T17:27:38.704] [DEBUG] debug-file - Create  resident worker with id: 4.
[2025-05-24T17:27:38.704] [DEBUG] debug-file - default@CompileArkTS work[6] has been dispatched to worker[4].
[2025-05-24T17:27:38.705] [DEBUG] debug-file - default@CompileArkTS work[6] is dispatched.
[2025-05-24T17:27:38.705] [DEBUG] debug-file - CopyResources startTime: 183032131884900
[2025-05-24T17:27:38.705] [DEBUG] debug-file - default@CompileArkTS work[7] is submitted.
[2025-05-24T17:27:38.705] [DEBUG] debug-file - default@CompileArkTS work[7] is pushed to ready queue.
[2025-05-24T17:27:38.705] [DEBUG] debug-file - A work dispatched to worker[19] failed because unable to get work from ready queue.
[2025-05-24T17:27:38.705] [DEBUG] debug-file - A work dispatched to worker[18] failed because of worker busy.
[2025-05-24T17:27:38.705] [DEBUG] debug-file - Create  resident worker with id: 17.
[2025-05-24T17:27:38.706] [DEBUG] debug-file - default@CompileArkTS work[7] has been dispatched to worker[17].
[2025-05-24T17:27:38.706] [DEBUG] debug-file - default@CompileArkTS work[7] is dispatched.
[2025-05-24T17:27:38.706] [DEBUG] debug-file - entry : default@CompileArkTS cost memory 1.4160842895507812
[2025-05-24T17:27:38.708] [DEBUG] debug-file - jsonObjWithoutParam {} at undefined
[2025-05-24T17:27:38.708] [DEBUG] debug-file - jsonObjWithoutParam {"name":"entry","version":"1.0.0","description":"Please describe the basic information.","main":"","author":"","license":"","dependencies":{}} at undefined
[2025-05-24T17:27:38.710] [DEBUG] debug-file - Executing task :entry:default@BuildJS
[2025-05-24T17:27:38.713] [DEBUG] debug-file - entry : default@BuildJS cost memory 0.12139892578125
[2025-05-24T17:27:38.713] [DEBUG] debug-file - runTaskFromQueue task cost before running: 2 s 729 ms 
[2025-05-24T17:27:38.713] [INFO] debug-file - Finished :entry:default@BuildJS... after 3 ms 
[2025-05-24T17:27:39.080] [DEBUG] debug-file - worker[18] has one work done.
[2025-05-24T17:27:39.080] [DEBUG] debug-file - default@CacheNativeLibs work[5] done.
[2025-05-24T17:27:39.080] [DEBUG] debug-file - A work dispatched to worker[18] failed because unable to get work from ready queue.
[2025-05-24T17:27:39.081] [INFO] debug-file - Finished :entry:default@CacheNativeLibs... after 7 ms 
[2025-05-24T17:27:39.475] [DEBUG] debug-file - worker[17] has one work done.
[2025-05-24T17:27:39.475] [DEBUG] debug-file - CopyResources is end, endTime: 183032901950400
[2025-05-24T17:27:39.475] [DEBUG] debug-file - default@CompileArkTS work[7] done.
[2025-05-24T17:27:39.475] [DEBUG] debug-file - A work dispatched to worker[17] failed because unable to get work from ready queue.
[2025-05-24T17:27:45.990] [DEBUG] debug-file - worker[4] has one work done.
[2025-05-24T17:27:45.990] [DEBUG] debug-file - Ark compile task finished.finished time is 183039417144300
[2025-05-24T17:27:45.997] [DEBUG] debug-file - default@CompileArkTS work[6] done.
[2025-05-24T17:27:45.997] [DEBUG] debug-file - A work dispatched to worker[4] failed because unable to get work from ready queue.
[2025-05-24T17:27:46.002] [INFO] debug-file - Finished :entry:default@CompileArkTS... after 5 s 465 ms 
[2025-05-24T17:27:46.004] [DEBUG] debug-file - jsonObjWithoutParam {} at undefined
[2025-05-24T17:27:46.004] [DEBUG] debug-file - jsonObjWithoutParam {"name":"entry","version":"1.0.0","description":"Please describe the basic information.","main":"","author":"","license":"","dependencies":{}} at undefined
[2025-05-24T17:27:46.005] [DEBUG] debug-file - Executing task :entry:default@GeneratePkgModuleJson
[2025-05-24T17:27:46.005] [DEBUG] debug-file - Task 'entry:default@GeneratePkgModuleJson' cost while wrapping incremental declarations: 1 ms 
[2025-05-24T17:27:46.005] [DEBUG] debug-file - jsonObjWithoutParam {} at undefined
[2025-05-24T17:27:46.005] [DEBUG] debug-file - jsonObjWithoutParam {"name":"entry","version":"1.0.0","description":"Please describe the basic information.","main":"","author":"","license":"","dependencies":{}} at undefined
[2025-05-24T17:27:46.006] [DEBUG] debug-file - entry : default@GeneratePkgModuleJson cost memory 0.0866546630859375
[2025-05-24T17:27:46.006] [DEBUG] debug-file - runTaskFromQueue task cost before running: 10 s 22 ms 
[2025-05-24T17:27:46.006] [INFO] debug-file - Finished :entry:default@GeneratePkgModuleJson... after 2 ms 
[2025-05-24T17:27:46.009] [DEBUG] debug-file - jsonObjWithoutParam {} at undefined
[2025-05-24T17:27:46.009] [DEBUG] debug-file - jsonObjWithoutParam {"name":"entry","version":"1.0.0","description":"Please describe the basic information.","main":"","author":"","license":"","dependencies":{}} at undefined
[2025-05-24T17:27:46.014] [DEBUG] debug-file - Executing task :entry:default@PackageHap
[2025-05-24T17:27:46.017] [DEBUG] debug-file - jsonObjWithoutParam {} at undefined
[2025-05-24T17:27:46.017] [DEBUG] debug-file - jsonObjWithoutParam {"name":"entry","version":"1.0.0","description":"Please describe the basic information.","main":"","author":"","license":"","dependencies":{}} at undefined
[2025-05-24T17:27:46.019] [DEBUG] debug-file - Use tool [D:\DevEco_Studio_5.0.0.11\DevEco Studio\sdk\default\openharmony\toolchains\lib\app_packing_tool.jar]
 [
  'java',
  '-Dfile.encoding=GBK',
  '-jar',
  'D:\\DevEco_Studio_5.0.0.11\\DevEco Studio\\sdk\\default\\openharmony\\toolchains\\lib\\app_packing_tool.jar',
  '--mode',
  'hap',
  '--force',
  'true',
  '--lib-path',
  'E:\\OpenHarmony_Project_code\\errorBook\\entry\\build\\default\\intermediates\\stripped_native_libs\\default',
  '--json-path',
  'E:\\OpenHarmony_Project_code\\errorBook\\entry\\build\\default\\intermediates\\package\\default\\module.json',
  '--resources-path',
  'E:\\OpenHarmony_Project_code\\errorBook\\entry\\build\\default\\intermediates\\res\\default\\resources',
  '--index-path',
  'E:\\OpenHarmony_Project_code\\errorBook\\entry\\build\\default\\intermediates\\res\\default\\resources.index',
  '--pack-info-path',
  'E:\\OpenHarmony_Project_code\\errorBook\\entry\\build\\default\\outputs\\default\\pack.info',
  '--out-path',
  'E:\\OpenHarmony_Project_code\\errorBook\\entry\\build\\default\\outputs\\default\\entry-default-unsigned.hap',
  '--ets-path',
  'E:\\OpenHarmony_Project_code\\errorBook\\entry\\build\\default\\intermediates\\loader_out\\default\\ets'
]
[2025-05-24T17:27:46.020] [DEBUG] debug-file - default@PackageHap work[8] is submitted.
[2025-05-24T17:27:46.020] [DEBUG] debug-file - default@PackageHap work[8] is pushed to ready queue.
[2025-05-24T17:27:46.020] [DEBUG] debug-file - A work dispatched to worker[19] failed because unable to get work from ready queue.
[2025-05-24T17:27:46.020] [DEBUG] debug-file - default@PackageHap work[8] has been dispatched to worker[18].
[2025-05-24T17:27:46.020] [DEBUG] debug-file - default@PackageHap work[8] is dispatched.
[2025-05-24T17:27:46.024] [DEBUG] debug-file - entry : default@PackageHap cost memory 0.7288131713867188
[2025-05-24T17:27:46.024] [DEBUG] debug-file - current process  memoryUsage: {
  rss: 703889408,
  heapTotal: 97955840,
  heapUsed: 90815888,
  external: 4023724,
  arrayBuffers: 59184
} os memoryUsage :20.96709442138672
[2025-05-24T17:27:46.770] [DEBUG] debug-file - worker[18] has one work done.
[2025-05-24T17:27:46.770] [DEBUG] debug-file - default@PackageHap work[8] done.
[2025-05-24T17:27:46.770] [DEBUG] debug-file - A work dispatched to worker[18] failed because unable to get work from ready queue.
[2025-05-24T17:27:46.771] [INFO] debug-file - Finished :entry:default@PackageHap... after 756 ms 
[2025-05-24T17:27:46.773] [DEBUG] debug-file - jsonObjWithoutParam {} at undefined
[2025-05-24T17:27:46.773] [DEBUG] debug-file - jsonObjWithoutParam {"name":"entry","version":"1.0.0","description":"Please describe the basic information.","main":"","author":"","license":"","dependencies":{}} at undefined
[2025-05-24T17:27:46.775] [DEBUG] debug-file - Executing task :entry:default@SignHap
[2025-05-24T17:27:46.776] [DEBUG] debug-file - jsonObjWithoutParam {} at undefined
[2025-05-24T17:27:46.776] [DEBUG] debug-file - jsonObjWithoutParam {"name":"entry","version":"1.0.0","description":"Please describe the basic information.","main":"","author":"","license":"","dependencies":{}} at undefined
[2025-05-24T17:27:46.842] [DEBUG] debug-file - java daemon socket received message:{"code":0,"message":"verify profile success"}
[2025-05-24T17:27:46.852] [DEBUG] debug-file - java daemon socket close code:1000 reason:close by user
[2025-05-24T17:27:47.012] [DEBUG] debug-file - java daemon socket received message:{"code":0,"message":"sign app success"}
[2025-05-24T17:27:47.013] [DEBUG] debug-file - entry : default@SignHap cost memory 0.8251419067382812
[2025-05-24T17:27:47.013] [DEBUG] debug-file - runTaskFromQueue task cost before running: 11 s 29 ms 
[2025-05-24T17:27:47.013] [INFO] debug-file - Finished :entry:default@SignHap... after 238 ms 
[2025-05-24T17:27:47.015] [DEBUG] debug-file - jsonObjWithoutParam {} at undefined
[2025-05-24T17:27:47.015] [DEBUG] debug-file - jsonObjWithoutParam {"name":"entry","version":"1.0.0","description":"Please describe the basic information.","main":"","author":"","license":"","dependencies":{}} at undefined
[2025-05-24T17:27:47.016] [DEBUG] debug-file - Executing task :entry:default@CollectDebugSymbol
[2025-05-24T17:27:47.019] [DEBUG] debug-file - jsonObjWithoutParam {} at undefined
[2025-05-24T17:27:47.019] [DEBUG] debug-file - jsonObjWithoutParam {"name":"entry","version":"1.0.0","description":"Please describe the basic information.","main":"","author":"","license":"","dependencies":{}} at undefined
[2025-05-24T17:27:47.019] [DEBUG] debug-file - entry : default@CollectDebugSymbol cost memory 0.21585845947265625
[2025-05-24T17:27:47.019] [DEBUG] debug-file - runTaskFromQueue task cost before running: 11 s 35 ms 
[2025-05-24T17:27:47.019] [INFO] debug-file - Finished :entry:default@CollectDebugSymbol... after 4 ms 
[2025-05-24T17:27:47.020] [DEBUG] debug-file - Executing task :entry:assembleHap
[2025-05-24T17:27:47.020] [DEBUG] debug-file - entry : assembleHap cost memory 0.0117950439453125
[2025-05-24T17:27:47.021] [DEBUG] debug-file - runTaskFromQueue task cost before running: 11 s 37 ms 
[2025-05-24T17:27:47.021] [INFO] debug-file - Finished :entry:assembleHap... after 1 ms 
[2025-05-24T17:27:47.032] [DEBUG] debug-file - BUILD SUCCESSFUL in 11 s 47 ms 
[2025-05-24T17:27:47.032] [DEBUG] debug-file - Update task entry:default@PreBuild input file:E:\OpenHarmony_Project_code\errorBook\AppScope\app.json5 cache by regenerate.
[2025-05-24T17:27:47.033] [DEBUG] debug-file - Update task entry:default@PreBuild input file:E:\OpenHarmony_Project_code\errorBook\entry\src\main\module.json5 cache by regenerate.
[2025-05-24T17:27:47.033] [DEBUG] debug-file - Update task entry:default@PreBuild input file:E:\OpenHarmony_Project_code\errorBook\build-profile.json5 cache by regenerate.
[2025-05-24T17:27:47.033] [DEBUG] debug-file - Update task entry:default@PreBuild input file:E:\OpenHarmony_Project_code\errorBook\entry\build-profile.json5 cache by regenerate.
[2025-05-24T17:27:47.033] [DEBUG] debug-file - Update task entry:default@PreBuild input file:E:\OpenHarmony_Project_code\errorBook\entry\src\main\resources\base\profile\main_pages.json cache by regenerate.
[2025-05-24T17:27:47.033] [DEBUG] debug-file - Update task entry:default@PreBuild input file:E:\OpenHarmony_Project_code\errorBook\hvigor\hvigor-config.json5 cache by regenerate.
[2025-05-24T17:27:47.033] [DEBUG] debug-file - Update task entry:default@PreBuild input file:E:\OpenHarmony_Project_code\errorBook\entry\src\mock\mock-config.json5 cache by regenerate.
[2025-05-24T17:27:47.033] [DEBUG] debug-file - Update task entry:default@PreBuild input file:E:\OpenHarmony_Project_code\errorBook\entry\oh-package.json5 cache by regenerate.
[2025-05-24T17:27:47.034] [DEBUG] debug-file - Update task entry:default@PreBuild input file:E:\OpenHarmony_Project_code\errorBook\oh-package.json5 cache by regenerate.
[2025-05-24T17:27:47.034] [DEBUG] debug-file - Incremental task entry:default@PreBuild post-execution cost:3 ms .
[2025-05-24T17:27:47.034] [DEBUG] debug-file - Update task entry:default@GenerateMetadata input file:E:\OpenHarmony_Project_code\errorBook\entry\src\main\module.json5 cache by regenerate.
[2025-05-24T17:27:47.034] [DEBUG] debug-file - Update task entry:default@GenerateMetadata output file:E:\OpenHarmony_Project_code\errorBook\entry\build\default\intermediates\hap_metadata\default\output_metadata.json cache.
[2025-05-24T17:27:47.034] [DEBUG] debug-file - Incremental task entry:default@GenerateMetadata post-execution cost:1 ms .
[2025-05-24T17:27:47.034] [DEBUG] debug-file - Update task entry:default@MergeProfile input file:E:\OpenHarmony_Project_code\errorBook\AppScope\app.json5 cache by regenerate.
[2025-05-24T17:27:47.034] [DEBUG] debug-file - Update task entry:default@MergeProfile input file:E:\OpenHarmony_Project_code\errorBook\build-profile.json5 cache by regenerate.
[2025-05-24T17:27:47.034] [DEBUG] debug-file - Update task entry:default@MergeProfile input file:E:\OpenHarmony_Project_code\errorBook\entry\src\main\module.json5 cache by regenerate.
[2025-05-24T17:27:47.035] [DEBUG] debug-file - Update task entry:default@MergeProfile output file:E:\OpenHarmony_Project_code\errorBook\entry\build\default\intermediates\merge_profile\default\module.json cache.
[2025-05-24T17:27:47.035] [DEBUG] debug-file - Incremental task entry:default@MergeProfile post-execution cost:1 ms .
[2025-05-24T17:27:47.035] [DEBUG] debug-file - Update task entry:default@CreateBuildProfile input file:E:\OpenHarmony_Project_code\errorBook\AppScope\app.json5 cache by regenerate.
[2025-05-24T17:27:47.035] [DEBUG] debug-file - Update task entry:default@CreateBuildProfile input file:E:\OpenHarmony_Project_code\errorBook\build-profile.json5 cache by regenerate.
[2025-05-24T17:27:47.035] [DEBUG] debug-file - Update task entry:default@CreateBuildProfile output file:E:\OpenHarmony_Project_code\errorBook\entry\build\default\generated\profile\default\BuildProfile.ets cache.
[2025-05-24T17:27:47.035] [DEBUG] debug-file - Incremental task entry:default@CreateBuildProfile post-execution cost:1 ms .
[2025-05-24T17:27:47.035] [DEBUG] debug-file - Update task entry:default@GeneratePkgContextInfo output file:E:\OpenHarmony_Project_code\errorBook\entry\build\default\intermediates\loader\default\pkgContextInfo.json cache.
[2025-05-24T17:27:47.035] [DEBUG] debug-file - Incremental task entry:default@GeneratePkgContextInfo post-execution cost:1 ms .
[2025-05-24T17:27:47.036] [DEBUG] debug-file - Update task entry:default@ProcessIntegratedHsp output file:E:\OpenHarmony_Project_code\errorBook\build\cache\default\integrated_hsp\integratedHspCache.json cache.
[2025-05-24T17:27:47.036] [DEBUG] debug-file - Incremental task entry:default@ProcessIntegratedHsp post-execution cost:1 ms .
[2025-05-24T17:27:47.036] [DEBUG] debug-file - Update task entry:default@MakePackInfo input file:E:\OpenHarmony_Project_code\errorBook\AppScope\app.json5 cache by regenerate.
[2025-05-24T17:27:47.036] [DEBUG] debug-file - Update task entry:default@MakePackInfo input file:E:\OpenHarmony_Project_code\errorBook\entry\src\main\module.json5 cache by regenerate.
[2025-05-24T17:27:47.036] [DEBUG] debug-file - Update task entry:default@MakePackInfo input file:E:\OpenHarmony_Project_code\errorBook\build-profile.json5 cache by regenerate.
[2025-05-24T17:27:47.037] [DEBUG] debug-file - Update task entry:default@MakePackInfo input file:E:\OpenHarmony_Project_code\errorBook\entry\src\main\resources\base\profile\backup_config.json cache by regenerate.
[2025-05-24T17:27:47.037] [DEBUG] debug-file - Update task entry:default@MakePackInfo output file:E:\OpenHarmony_Project_code\errorBook\entry\build\default\outputs\default\pack.info cache.
[2025-05-24T17:27:47.037] [DEBUG] debug-file - Incremental task entry:default@MakePackInfo post-execution cost:2 ms .
[2025-05-24T17:27:47.037] [DEBUG] debug-file - Update task entry:default@SyscapTransform input file:D:\DevEco_Studio_5.0.0.11\DevEco Studio\sdk\default\openharmony\toolchains\syscap_tool.exe cache by regenerate.
[2025-05-24T17:27:47.037] [DEBUG] debug-file - Update task entry:default@SyscapTransform input file:D:\DevEco_Studio_5.0.0.11\DevEco Studio\sdk\default\openharmony\ets\api\device-define cache by regenerate.
[2025-05-24T17:27:47.038] [DEBUG] debug-file - Update task entry:default@SyscapTransform output file:E:\OpenHarmony_Project_code\errorBook\entry\build\default\intermediates\syscap\default\rpcid.sc cache.
[2025-05-24T17:27:47.038] [DEBUG] debug-file - Incremental task entry:default@SyscapTransform post-execution cost:1 ms .
[2025-05-24T17:27:47.038] [DEBUG] debug-file - Update task entry:default@ProcessProfile input file:E:\OpenHarmony_Project_code\errorBook\entry\build\default\intermediates\merge_profile\default\module.json cache by regenerate.
[2025-05-24T17:27:47.038] [DEBUG] debug-file - Update task entry:default@ProcessProfile output file:E:\OpenHarmony_Project_code\errorBook\entry\build\default\intermediates\process_profile\default\module.json cache.
[2025-05-24T17:27:47.038] [DEBUG] debug-file - Incremental task entry:default@ProcessProfile post-execution cost:1 ms .
[2025-05-24T17:27:47.039] [DEBUG] debug-file - Update task entry:default@ProcessRouterMap input file:E:\OpenHarmony_Project_code\errorBook\entry\oh-package.json5 cache by regenerate.
[2025-05-24T17:27:47.039] [DEBUG] debug-file - Update task entry:default@ProcessRouterMap input file:E:\OpenHarmony_Project_code\errorBook\oh-package.json5 cache by regenerate.
[2025-05-24T17:27:47.039] [DEBUG] debug-file - Update task entry:default@ProcessRouterMap input file:E:\OpenHarmony_Project_code\errorBook\entry\src\main\module.json5 cache by regenerate.
[2025-05-24T17:27:47.039] [DEBUG] debug-file - Update task entry:default@ProcessRouterMap output file:E:\OpenHarmony_Project_code\errorBook\entry\build\default\intermediates\router_map\default\temp-router-map.json cache.
[2025-05-24T17:27:47.039] [DEBUG] debug-file - Update task entry:default@ProcessRouterMap output file:E:\OpenHarmony_Project_code\errorBook\entry\build\default\intermediates\router_map\default\loader-router-map.json cache.
[2025-05-24T17:27:47.040] [DEBUG] debug-file - Incremental task entry:default@ProcessRouterMap post-execution cost:2 ms .
[2025-05-24T17:27:47.040] [DEBUG] debug-file - Update task entry:default@ProcessResource output file:E:\OpenHarmony_Project_code\errorBook\entry\build\default\intermediates\res\default\resConfig.json cache.
[2025-05-24T17:27:47.040] [DEBUG] debug-file - Update task entry:default@ProcessResource output file:E:\OpenHarmony_Project_code\errorBook\entry\build\default\intermediates\res\default\opt-compression.json cache.
[2025-05-24T17:27:47.040] [DEBUG] debug-file - Incremental task entry:default@ProcessResource post-execution cost:1 ms .
[2025-05-24T17:27:47.041] [DEBUG] debug-file - Update task entry:default@GenerateLoaderJson input file:E:\OpenHarmony_Project_code\errorBook\entry\src\mock\mock-config.json5 cache by regenerate.
[2025-05-24T17:27:47.042] [DEBUG] debug-file - Update task entry:default@GenerateLoaderJson input file:E:\OpenHarmony_Project_code\errorBook\entry\build\default\intermediates\router_map\default\temp-router-map.json cache by regenerate.
[2025-05-24T17:27:47.042] [DEBUG] debug-file - Update task entry:default@GenerateLoaderJson output file:E:\OpenHarmony_Project_code\errorBook\entry\build\default\intermediates\loader\default\loader.json cache.
[2025-05-24T17:27:47.042] [DEBUG] debug-file - Incremental task entry:default@GenerateLoaderJson post-execution cost:3 ms .
[2025-05-24T17:27:47.042] [DEBUG] debug-file - Update task entry:default@ProcessLibs input file:E:\OpenHarmony_Project_code\errorBook\build-profile.json5 cache by regenerate.
[2025-05-24T17:27:47.043] [DEBUG] debug-file - Update task entry:default@ProcessLibs input file:E:\OpenHarmony_Project_code\errorBook\entry\build-profile.json5 cache by regenerate.
[2025-05-24T17:27:47.043] [DEBUG] debug-file - Update task entry:default@ProcessLibs output file:E:\OpenHarmony_Project_code\errorBook\entry\build\default\intermediates\libs\default cache.
[2025-05-24T17:27:47.043] [DEBUG] debug-file - Incremental task entry:default@ProcessLibs post-execution cost:1 ms .
[2025-05-24T17:27:47.043] [DEBUG] debug-file - Update task entry:default@CompileResource input file:E:\OpenHarmony_Project_code\errorBook\entry\src\main\resources cache by regenerate.
[2025-05-24T17:27:47.047] [DEBUG] debug-file - Update task entry:default@CompileResource input file:E:\OpenHarmony_Project_code\errorBook\AppScope\resources cache by regenerate.
[2025-05-24T17:27:47.048] [DEBUG] debug-file - Update task entry:default@CompileResource input file:E:\OpenHarmony_Project_code\errorBook\entry\build\default\intermediates\process_profile\default\module.json cache by regenerate.
[2025-05-24T17:27:47.048] [DEBUG] debug-file - Update task entry:default@CompileResource input file:E:\OpenHarmony_Project_code\errorBook\entry\build\default\intermediates\res\default\resConfig.json cache by regenerate.
[2025-05-24T17:27:47.048] [DEBUG] debug-file - Update task entry:default@CompileResource output file:E:\OpenHarmony_Project_code\errorBook\entry\build\default\intermediates\res\default cache.
[2025-05-24T17:27:47.053] [DEBUG] debug-file - Update task entry:default@CompileResource output file:E:\OpenHarmony_Project_code\errorBook\entry\build\default\generated\r\default\ResourceTable.h cache.
[2025-05-24T17:27:47.053] [DEBUG] debug-file - Update task entry:default@CompileResource output file:E:\OpenHarmony_Project_code\errorBook\entry\build\default\generated\r\default cache.
[2025-05-24T17:27:47.053] [DEBUG] debug-file - Incremental task entry:default@CompileResource post-execution cost:11 ms .
[2025-05-24T17:27:47.053] [DEBUG] debug-file - Update task entry:default@DoNativeStrip input file:E:\OpenHarmony_Project_code\errorBook\entry\build\default\intermediates\libs\default cache by regenerate.
[2025-05-24T17:27:47.053] [DEBUG] debug-file - Update task entry:default@DoNativeStrip output file:E:\OpenHarmony_Project_code\errorBook\entry\build\default\intermediates\stripped_native_libs\default cache.
[2025-05-24T17:27:47.054] [DEBUG] debug-file - Incremental task entry:default@DoNativeStrip post-execution cost:1 ms .
[2025-05-24T17:27:47.054] [DEBUG] debug-file - Update task entry:default@CacheNativeLibs input file:E:\OpenHarmony_Project_code\errorBook\entry\build\default\intermediates\stripped_native_libs\default cache by regenerate.
[2025-05-24T17:27:47.054] [DEBUG] debug-file - Update task entry:default@CacheNativeLibs input file:E:\OpenHarmony_Project_code\errorBook\entry\build\default\intermediates\libs\default cache by regenerate.
[2025-05-24T17:27:47.054] [DEBUG] debug-file - Update task entry:default@CacheNativeLibs output file:E:\OpenHarmony_Project_code\errorBook\entry\build\default\intermediates\patch\default\base_native_libs.json cache.
[2025-05-24T17:27:47.054] [DEBUG] debug-file - Incremental task entry:default@CacheNativeLibs post-execution cost:1 ms .
[2025-05-24T17:27:47.056] [DEBUG] debug-file - Update task entry:default@CompileArkTS input file:E:\OpenHarmony_Project_code\errorBook\entry\build\default\intermediates\loader\default cache by regenerate.
[2025-05-24T17:27:47.056] [DEBUG] debug-file - Update task entry:default@CompileArkTS input file:E:\OpenHarmony_Project_code\errorBook\entry\build\default\intermediates\res\default\resources\rawfile cache by regenerate.
[2025-05-24T17:27:47.056] [DEBUG] debug-file - Update task entry:default@CompileArkTS input file:E:\OpenHarmony_Project_code\errorBook\entry\build\default\intermediates\res\default\ResourceTable.txt cache by regenerate.
[2025-05-24T17:27:47.056] [DEBUG] debug-file - Update task entry:default@CompileArkTS input file:E:\OpenHarmony_Project_code\errorBook\entry\build\default\intermediates\res\default\ark_module.json cache by regenerate.
[2025-05-24T17:27:47.056] [DEBUG] debug-file - Update task entry:default@CompileArkTS input file:E:\OpenHarmony_Project_code\errorBook\entry\build\default\intermediates\res\default\resources\base\profile cache by regenerate.
[2025-05-24T17:27:47.057] [DEBUG] debug-file - Update task entry:default@CompileArkTS input file:E:\OpenHarmony_Project_code\errorBook\entry\src\main\ets cache by regenerate.
[2025-05-24T17:27:47.059] [DEBUG] debug-file - Update task entry:default@CompileArkTS input file:E:\OpenHarmony_Project_code\errorBook\entry\build\default\generated\profile\default\BuildProfile.ets cache by regenerate.
[2025-05-24T17:27:47.059] [DEBUG] debug-file - Update task entry:default@CompileArkTS input file:E:\OpenHarmony_Project_code\errorBook\entry\src\mock\mock-config.json5 cache by regenerate.
[2025-05-24T17:27:47.059] [DEBUG] debug-file - Update task entry:default@CompileArkTS output file:E:\OpenHarmony_Project_code\errorBook\entry\build\default\intermediates\loader_out\default\ets cache.
[2025-05-24T17:27:47.059] [DEBUG] debug-file - Incremental task entry:default@CompileArkTS post-execution cost:6 ms .
[2025-05-24T17:27:47.060] [DEBUG] debug-file - Update task entry:default@BuildJS input file:E:\OpenHarmony_Project_code\errorBook\entry\build\default\intermediates\loader\default cache by regenerate.
[2025-05-24T17:27:47.061] [DEBUG] debug-file - Update task entry:default@BuildJS input file:E:\OpenHarmony_Project_code\errorBook\entry\build\default\intermediates\res\default\resources\rawfile cache by regenerate.
[2025-05-24T17:27:47.061] [DEBUG] debug-file - Update task entry:default@BuildJS input file:E:\OpenHarmony_Project_code\errorBook\entry\build\default\intermediates\res\default\ResourceTable.txt cache by regenerate.
[2025-05-24T17:27:47.061] [DEBUG] debug-file - Update task entry:default@BuildJS input file:E:\OpenHarmony_Project_code\errorBook\entry\build\default\intermediates\res\default\ark_module.json cache by regenerate.
[2025-05-24T17:27:47.062] [DEBUG] debug-file - Update task entry:default@BuildJS input file:E:\OpenHarmony_Project_code\errorBook\entry\build\default\intermediates\res\default\resources\base\profile cache by regenerate.
[2025-05-24T17:27:47.063] [DEBUG] debug-file - Update task entry:default@BuildJS output file:E:\OpenHarmony_Project_code\errorBook\entry\build\default\intermediates\loader_out\default\js cache.
[2025-05-24T17:27:47.063] [DEBUG] debug-file - Incremental task entry:default@BuildJS post-execution cost:4 ms .
[2025-05-24T17:27:47.063] [DEBUG] debug-file - Update task entry:default@GeneratePkgModuleJson input file:E:\OpenHarmony_Project_code\errorBook\entry\build\default\intermediates\res\default\module.json cache by regenerate.
[2025-05-24T17:27:47.063] [DEBUG] debug-file - Update task entry:default@GeneratePkgModuleJson output file:E:\OpenHarmony_Project_code\errorBook\entry\build\default\intermediates\package\default\module.json cache.
[2025-05-24T17:27:47.064] [DEBUG] debug-file - Incremental task entry:default@GeneratePkgModuleJson post-execution cost:1 ms .
[2025-05-24T17:27:47.065] [DEBUG] debug-file - Update task entry:default@PackageHap input file:E:\OpenHarmony_Project_code\errorBook\entry\build\default\intermediates\stripped_native_libs\default cache by regenerate.
[2025-05-24T17:27:47.065] [DEBUG] debug-file - Update task entry:default@PackageHap input file:E:\OpenHarmony_Project_code\errorBook\entry\build\default\intermediates\res\default\module.json cache by regenerate.
[2025-05-24T17:27:47.065] [DEBUG] debug-file - Update task entry:default@PackageHap input file:E:\OpenHarmony_Project_code\errorBook\entry\build\default\intermediates\res\default\resources cache by regenerate.
[2025-05-24T17:27:47.068] [DEBUG] debug-file - Update task entry:default@PackageHap input file:E:\OpenHarmony_Project_code\errorBook\entry\build\default\intermediates\res\default\resources.index cache by regenerate.
[2025-05-24T17:27:47.068] [DEBUG] debug-file - Update task entry:default@PackageHap input file:E:\OpenHarmony_Project_code\errorBook\entry\build\default\outputs\default\pack.info cache by regenerate.
[2025-05-24T17:27:47.068] [DEBUG] debug-file - Update task entry:default@PackageHap input file:E:\OpenHarmony_Project_code\errorBook\entry\build\default\intermediates\loader_out\default\ets cache by regenerate.
[2025-05-24T17:27:47.069] [DEBUG] debug-file - Update task entry:default@PackageHap input file:E:\OpenHarmony_Project_code\errorBook\entry\build\default\intermediates\loader_out\default\ets\sourceMaps.map cache by regenerate.
[2025-05-24T17:27:47.069] [DEBUG] debug-file - Update task entry:default@PackageHap input file:E:\OpenHarmony_Project_code\errorBook\entry\build\default\generated\profile\default\BuildProfile.ets cache by regenerate.
[2025-05-24T17:27:47.070] [DEBUG] debug-file - Update task entry:default@PackageHap output file:E:\OpenHarmony_Project_code\errorBook\entry\build\default\outputs\default\entry-default-unsigned.hap cache.
[2025-05-24T17:27:47.070] [DEBUG] debug-file - Update task entry:default@PackageHap output file:E:\OpenHarmony_Project_code\errorBook\entry\build\default\intermediates\source_map\default\sourceMaps.map cache.
[2025-05-24T17:27:47.070] [DEBUG] debug-file - Update task entry:default@PackageHap output file:E:\OpenHarmony_Project_code\errorBook\entry\build\default\outputs\default\mapping\sourceMaps.map cache.
[2025-05-24T17:27:47.070] [DEBUG] debug-file - Incremental task entry:default@PackageHap post-execution cost:7 ms .
[2025-05-24T17:27:47.071] [DEBUG] debug-file - Update task entry:default@SignHap input file:C:\Users\86135\.ohos\config\default_errorBook_hOHYyOR4o0pKKWQWUCO4PFG0JL9Lv5h91mkp7kS_zqk=.cer cache by regenerate.
[2025-05-24T17:27:47.071] [DEBUG] debug-file - Update task entry:default@SignHap input file:C:\Users\86135\.ohos\config\default_errorBook_hOHYyOR4o0pKKWQWUCO4PFG0JL9Lv5h91mkp7kS_zqk=.p7b cache by regenerate.
[2025-05-24T17:27:47.071] [DEBUG] debug-file - Update task entry:default@SignHap input file:C:\Users\86135\.ohos\config\default_errorBook_hOHYyOR4o0pKKWQWUCO4PFG0JL9Lv5h91mkp7kS_zqk=.p12 cache by regenerate.
[2025-05-24T17:27:47.071] [DEBUG] debug-file - Update task entry:default@SignHap input file:E:\OpenHarmony_Project_code\errorBook\entry\build\default\outputs\default\entry-default-unsigned.hap cache by regenerate.
[2025-05-24T17:27:47.071] [DEBUG] debug-file - Update task entry:default@SignHap output file:E:\OpenHarmony_Project_code\errorBook\entry\build\default\outputs\default\entry-default-signed.hap cache.
[2025-05-24T17:27:47.071] [DEBUG] debug-file - Incremental task entry:default@SignHap post-execution cost:1 ms .
[2025-05-24T17:27:47.073] [DEBUG] debug-file - Update task entry:default@CollectDebugSymbol input file:E:\OpenHarmony_Project_code\errorBook\entry\build\default\intermediates\loader_out\default\ets\sourceMaps.map cache by regenerate.
[2025-05-24T17:27:47.074] [DEBUG] debug-file - Update task entry:default@CollectDebugSymbol input file:E:\OpenHarmony_Project_code\errorBook\entry\build\default\intermediates\libs\default cache by regenerate.
[2025-05-24T17:27:47.074] [DEBUG] debug-file - Update task entry:default@CollectDebugSymbol output file:E:\OpenHarmony_Project_code\errorBook\entry\build\default\outputs\default\symbol cache.
[2025-05-24T17:27:47.074] [DEBUG] debug-file - Incremental task entry:default@CollectDebugSymbol post-execution cost:3 ms .
[2025-05-24T17:27:47.093] [DEBUG] debug-file - Cleanup worker 0.
[2025-05-24T17:27:47.093] [DEBUG] debug-file - Worker 0 has been cleaned up.
[2025-05-24T17:27:47.093] [DEBUG] debug-file - Current idle worker size: 4.
[2025-05-24T17:27:47.093] [DEBUG] debug-file - Current resident worker size: 5.
[2025-05-24T17:27:47.093] [DEBUG] debug-file - Cleanup worker 1.
[2025-05-24T17:27:47.093] [DEBUG] debug-file - Worker 1 has been cleaned up.
[2025-05-24T17:27:47.093] [DEBUG] debug-file - Current idle worker size: 3.
[2025-05-24T17:27:47.093] [DEBUG] debug-file - Current resident worker size: 5.
[2025-05-24T17:27:47.093] [DEBUG] debug-file - Cleanup worker 17.
[2025-05-24T17:27:47.093] [DEBUG] debug-file - Worker 17 has been cleaned up.
[2025-05-24T17:27:47.094] [DEBUG] debug-file - Current idle worker size: 2.
[2025-05-24T17:27:47.094] [DEBUG] debug-file - Current resident worker size: 5.
[2025-05-24T17:27:47.094] [DEBUG] debug-file - Cleanup worker 18.
[2025-05-24T17:27:47.094] [DEBUG] debug-file - Worker 18 has been cleaned up.
[2025-05-24T17:27:47.094] [DEBUG] debug-file - Current idle worker size: 1.
[2025-05-24T17:27:47.094] [DEBUG] debug-file - Current resident worker size: 5.
[2025-05-24T17:27:47.095] [DEBUG] debug-file - hvigor build process will be closed.
[2025-05-24T17:27:47.095] [DEBUG] debug-file - java daemon socket close code:1000 reason:close by user
[2025-05-24T17:27:47.096] [DEBUG] debug-file - session manager: send message to worker process.
[2025-05-24T17:27:47.097] [DEBUG] debug-file - session manager: send message to worker process.
[2025-05-24T17:27:47.097] [DEBUG] debug-file - watch worker: worker id should be larger than 0. Nothing will be sent to any worker thread.
[2025-05-24T17:27:47.097] [DEBUG] debug-file - watch worker: worker id should be larger than 0. Nothing will be sent to any worker thread.
[2025-05-24T17:27:47.106] [DEBUG] debug-file - worker[0] exits with exit code 1.
[2025-05-24T17:27:47.108] [DEBUG] debug-file - worker[1] exits with exit code 1.
[2025-05-24T17:27:47.114] [DEBUG] debug-file - worker[17] exits with exit code 1.
[2025-05-24T17:27:47.124] [DEBUG] debug-file - worker[18] exits with exit code 1.
